2009-10-26 17:55:26 Notice: Notice (8): Use of undefined constant asa - assumed 'asa' in [APP/controllers/tinyurls_controller.php, line 13]
2009-10-29 18:11:14 Notice: Notice (8): Undefined variable: Tinyurl in [APP/views/tinyurls/index.ctp, line 8]
2009-10-29 18:11:14 Notice: Notice (8): Undefined variable: Tinyurl in [APP/views/tinyurls/index.ctp, line 10]
2009-10-29 18:11:15 Notice: Notice (8): Undefined variable: Tinyurl in [APP/views/tinyurls/index.ctp, line 8]
2009-10-29 18:11:15 Notice: Notice (8): Undefined variable: Tinyurl in [APP/views/tinyurls/index.ctp, line 10]
2009-10-29 18:12:42 Notice: Notice (8): Undefined variable: alias in [APP/controllers/tinyurls_controller.php, line 14]
2009-11-04 16:06:08 Notice: Notice (8): Use of undefined constant phpinfo - assumed 'phpinfo' in [APP/views/tinyurls/dashboard.ctp, line 1]
2009-11-09 11:49:47 Notice: Notice (8): Undefined index:  Tinyurl in [APP/models/tinyurl.php, line 56]
2009-11-09 17:37:13 Notice: Notice (8): Undefined property:  BunchUrl::$create in [APP/controllers/tinyurls_controller.php, line 99]
2009-11-10 11:18:01 Notice: Notice (8): Undefined property:  View::$Session in [APP/views/tinyurls/dashboard.ctp, line 1]
2009-11-10 13:45:37 Notice: Notice (8): Array to string conversion in [APP/views/helpers/date.php, line 6]
2009-11-10 13:45:37 Notice: Notice (8): Array to string conversion in [APP/views/helpers/date.php, line 9]
2009-11-10 15:55:50 Notice: Notice (8): Undefined variable: Tinyurl in [APP/views/bunches/index.ctp, line 8]
2009-11-10 15:55:50 Notice: Notice (8): Undefined variable: Tinyurl in [APP/views/bunches/index.ctp, line 10]
2009-11-10 15:55:50 Notice: Notice (8): Undefined variable: Tinyurl in [APP/views/bunches/index.ctp, line 12]
2009-11-10 15:55:50 Notice: Notice (8): Undefined variable: Tinyurl in [APP/views/bunches/index.ctp, line 8]
2009-11-10 15:55:50 Notice: Notice (8): Undefined variable: Tinyurl in [APP/views/bunches/index.ctp, line 10]
2009-11-10 15:55:50 Notice: Notice (8): Undefined variable: Tinyurl in [APP/views/bunches/index.ctp, line 12]
2009-11-10 16:32:48 Notice: Notice (8): Undefined variable: Tinyurl in [APP/views/bunches/index.ctp, line 8]
2009-11-10 16:33:30 Notice: Notice (8): Undefined variable: Tinyurl in [APP/views/bunches/index.ctp, line 8]
2009-11-10 16:33:32 Notice: Notice (8): Undefined variable: Tinyurl in [APP/views/bunches/index.ctp, line 8]
2009-11-10 16:36:21 Notice: Notice (8): Undefined index:  2 in [APP/views/bunches/index.ctp, line 8]
2009-11-10 16:36:21 Notice: Notice (8): Undefined index:  2 in [APP/views/bunches/index.ctp, line 10]
2009-11-10 16:36:57 Notice: Notice (8): Undefined variable: Tinyurl in [APP/views/bunches/index.ctp, line 19]
2009-11-10 16:37:10 Notice: Notice (8): Undefined variable: Tinyurl in [APP/views/bunches/index.ctp, line 9]
2009-11-10 17:24:06 Notice: Notice (8): Undefined index:  2 in [APP/views/bunches/index.ctp, line 18]
2009-11-10 17:24:06 Notice: Notice (8): Undefined index:  2 in [APP/views/bunches/index.ctp, line 20]
2009-11-10 17:24:06 Notice: Notice (8): Undefined index:  2 in [APP/views/bunches/index.ctp, line 22]
2009-11-10 17:24:07 Notice: Notice (8): Undefined index:  <pre class= in [APP/views/bunches/index.ctp, line 18]
2009-11-10 17:24:07 Notice: Notice (8): Undefined index:  <pre class= in [APP/views/bunches/index.ctp, line 20]
2009-11-10 17:24:07 Notice: Notice (8): Undefined index:  <pre class= in [APP/views/bunches/index.ctp, line 22]
2009-11-10 17:26:21 Notice: Notice (8): Undefined offset:  0 in [APP/views/bunches/index.ctp, line 7]
2009-11-13 14:34:10 Notice: Notice (8): Undefined index:  host in [APP/models/malware.php, line 12]
2009-11-16 20:33:46 Notice: Notice (8): Undefined index:  host in [APP/models/malware.php, line 12]
2009-11-16 20:35:30 Notice: Notice (8): Undefined index:  host in [APP/models/malware.php, line 12]
2009-11-17 10:40:00 Notice: Notice (8): Undefined index:  host in [APP/models/malware.php, line 12]
2009-11-17 10:46:10 Notice: Notice (8): Undefined index:  host in [APP/models/malware.php, line 12]
2009-11-17 10:46:23 Notice: Notice (8): Undefined index:  host in [APP/models/malware.php, line 12]
2009-11-17 10:46:26 Notice: Notice (8): Undefined index:  host in [APP/models/malware.php, line 12]
2009-11-17 10:46:44 Notice: Notice (8): Undefined index:  host in [APP/models/malware.php, line 12]
2009-11-17 10:54:11 Notice: Notice (8): Undefined index:  host in [APP/models/malware.php, line 12]
2009-11-17 10:56:18 Notice: Notice (8): Undefined index:  host in [APP/models/malware.php, line 12]
2009-11-17 11:32:14 Notice: Notice (8): Undefined index:  host in [APP/models/malware.php, line 12]
2009-11-17 11:32:20 Notice: Notice (8): Undefined index:  host in [APP/models/malware.php, line 12]
2009-11-17 11:32:24 Notice: Notice (8): Undefined index:  host in [APP/models/malware.php, line 12]
2009-11-17 11:32:58 Notice: Notice (8): Undefined index:  host in [APP/models/malware.php, line 12]
2009-11-17 11:33:00 Notice: Notice (8): Undefined index:  host in [APP/models/malware.php, line 12]
2009-11-17 11:40:39 Notice: Notice (8): Undefined index:  host in [APP/models/malware.php, line 12]
2009-11-17 11:40:42 Notice: Notice (8): Undefined index:  host in [APP/models/malware.php, line 12]
2009-11-17 11:43:15 Notice: Notice (8): Undefined index:  host in [APP/models/malware.php, line 12]
2009-11-17 11:43:17 Notice: Notice (8): Undefined index:  host in [APP/models/malware.php, line 12]
2009-11-17 11:43:48 Notice: Notice (8): Undefined index:  host in [APP/models/malware.php, line 12]
2009-11-17 13:17:45 Notice: Notice (8): Undefined variable: y in [APP/models/malware.php, line 22]
2009-11-17 13:17:45 Notice: Notice (8): Undefined index:   in [APP/models/malware.php, line 22]
2009-11-17 13:17:45 Notice: Notice (8): Undefined variable: y in [APP/models/malware.php, line 23]
2009-11-17 13:32:07 Notice: Notice (8): Undefined index:  path in [APP/models/malware.php, line 12]
2009-11-17 13:32:07 Notice: Notice (8): Undefined index:  query in [APP/models/malware.php, line 36]
2009-11-17 13:32:36 Notice: Notice (8): Undefined index:  path in [APP/models/malware.php, line 12]
2009-11-17 13:32:36 Notice: Notice (8): Undefined index:  query in [APP/models/malware.php, line 36]
2009-11-17 13:32:41 Notice: Notice (8): Undefined index:  path in [APP/models/malware.php, line 14]
2009-11-17 13:32:41 Notice: Notice (8): Undefined index:  query in [APP/models/malware.php, line 38]
2009-11-17 13:39:18 Notice: Notice (8): Undefined index:  query in [APP/models/malware.php, line 49]
2009-11-17 13:46:47 Notice: Notice (8): Undefined index:  host in [APP/models/malware.php, line 15]
2009-11-17 13:46:47 Notice: Notice (8): Undefined index:  host in [APP/models/malware.php, line 60]
2009-11-17 13:48:12 Notice: Notice (8): Undefined index:  host in [APP/models/malware.php, line 17]
2009-11-17 13:48:12 Notice: Notice (8): Undefined index:  host in [APP/models/malware.php, line 62]
2009-11-17 13:49:35 Notice: Notice (8): Undefined index:  host in [APP/models/malware.php, line 17]
2009-11-17 13:49:35 Notice: Notice (8): Undefined index:  host in [APP/models/malware.php, line 62]
2009-11-17 15:30:28 Notice: Notice (8): Use of undefined constant php - assumed 'php' in [APP/views/tinyurls/dashboard.ctp, line 84]
2009-11-17 15:42:27 Notice: Notice (8): Use of undefined constant php - assumed 'php' in [APP/views/tinyurls/dashboard.ctp, line 84]
2009-11-17 15:42:29 Notice: Notice (8): Use of undefined constant php - assumed 'php' in [APP/views/tinyurls/dashboard.ctp, line 84]
2009-11-17 15:42:43 Notice: Notice (8): Use of undefined constant php - assumed 'php' in [APP/views/tinyurls/dashboard.ctp, line 84]
2009-11-17 15:43:11 Notice: Notice (8): Use of undefined constant php - assumed 'php' in [APP/views/tinyurls/dashboard.ctp, line 84]
2009-11-17 15:43:38 Notice: Notice (8): Use of undefined constant php - assumed 'php' in [APP/views/tinyurls/dashboard.ctp, line 84]
2009-11-17 15:44:09 Notice: Notice (8): Use of undefined constant php - assumed 'php' in [APP/views/tinyurls/dashboard.ctp, line 84]
2009-11-17 15:44:18 Notice: Notice (8): Use of undefined constant php - assumed 'php' in [APP/views/tinyurls/dashboard.ctp, line 84]
2009-11-17 15:44:42 Notice: Notice (8): Use of undefined constant php - assumed 'php' in [APP/views/tinyurls/dashboard.ctp, line 84]
2009-11-17 15:44:43 Notice: Notice (8): Use of undefined constant php - assumed 'php' in [APP/views/tinyurls/dashboard.ctp, line 84]
2009-11-17 15:44:43 Notice: Notice (8): Use of undefined constant php - assumed 'php' in [APP/views/tinyurls/dashboard.ctp, line 84]
2009-11-17 15:44:58 Notice: Notice (8): Use of undefined constant php - assumed 'php' in [APP/views/tinyurls/dashboard.ctp, line 84]
2009-11-17 15:45:05 Notice: Notice (8): Use of undefined constant php - assumed 'php' in [APP/views/tinyurls/dashboard.ctp, line 84]
2009-11-17 15:45:08 Notice: Notice (8): Use of undefined constant php - assumed 'php' in [APP/views/tinyurls/dashboard.ctp, line 84]
2009-11-17 15:45:10 Notice: Notice (8): Use of undefined constant php - assumed 'php' in [APP/views/tinyurls/dashboard.ctp, line 84]
2009-11-17 15:46:56 Notice: Notice (8): Use of undefined constant php - assumed 'php' in [APP/views/tinyurls/dashboard.ctp, line 84]
2009-11-17 15:46:58 Notice: Notice (8): Use of undefined constant php - assumed 'php' in [APP/views/tinyurls/dashboard.ctp, line 84]
2009-11-17 15:47:10 Notice: Notice (8): Use of undefined constant php - assumed 'php' in [APP/views/tinyurls/dashboard.ctp, line 84]
2009-11-17 15:47:19 Notice: Notice (8): Use of undefined constant php - assumed 'php' in [APP/views/tinyurls/dashboard.ctp, line 84]
2009-11-17 15:47:50 Notice: Notice (8): Use of undefined constant php - assumed 'php' in [APP/views/tinyurls/dashboard.ctp, line 84]
2009-11-17 16:52:53 Notice: Notice (8): Use of undefined constant php - assumed 'php' in [APP/views/tinyurls/dashboard.ctp, line 98]
2009-11-17 16:54:03 Notice: Notice (8): Use of undefined constant php - assumed 'php' in [APP/views/tinyurls/dashboard.ctp, line 99]
2009-11-17 16:54:04 Notice: Notice (8): Use of undefined constant php - assumed 'php' in [APP/views/tinyurls/dashboard.ctp, line 99]
2009-11-17 16:57:44 Notice: Notice (8): Use of undefined constant php - assumed 'php' in [APP/views/tinyurls/dashboard.ctp, line 99]
2009-11-17 17:00:15 Notice: Notice (8): Use of undefined constant php - assumed 'php' in [APP/views/tinyurls/dashboard.ctp, line 99]
2009-11-17 17:05:56 Notice: Notice (8): Use of undefined constant php - assumed 'php' in [APP/views/tinyurls/dashboard.ctp, line 116]
2009-11-17 17:07:18 Notice: Notice (8): Use of undefined constant php - assumed 'php' in [APP/views/tinyurls/dashboard.ctp, line 117]
2009-11-17 17:07:57 Notice: Notice (8): Use of undefined constant php - assumed 'php' in [APP/views/tinyurls/dashboard.ctp, line 117]
2009-11-17 17:08:21 Notice: Notice (8): Use of undefined constant php - assumed 'php' in [APP/views/tinyurls/dashboard.ctp, line 117]
2009-11-17 17:08:48 Notice: Notice (8): Use of undefined constant php - assumed 'php' in [APP/views/tinyurls/dashboard.ctp, line 118]
2009-11-17 17:10:46 Notice: Notice (8): Use of undefined constant php - assumed 'php' in [APP/views/tinyurls/dashboard.ctp, line 119]
2009-11-17 17:12:22 Notice: Notice (8): Use of undefined constant php - assumed 'php' in [APP/views/tinyurls/dashboard.ctp, line 119]
2009-11-17 17:12:57 Notice: Notice (8): Use of undefined constant php - assumed 'php' in [APP/views/tinyurls/dashboard.ctp, line 119]
2009-11-17 17:13:23 Notice: Notice (8): Use of undefined constant php - assumed 'php' in [APP/views/tinyurls/dashboard.ctp, line 120]
2009-11-17 17:13:34 Notice: Notice (8): Use of undefined constant php - assumed 'php' in [APP/views/tinyurls/dashboard.ctp, line 120]
2009-11-17 17:13:50 Notice: Notice (8): Use of undefined constant php - assumed 'php' in [APP/views/tinyurls/dashboard.ctp, line 120]
2009-11-17 17:14:10 Notice: Notice (8): Use of undefined constant php - assumed 'php' in [APP/views/tinyurls/dashboard.ctp, line 121]
2009-11-17 17:14:30 Notice: Notice (8): Use of undefined constant php - assumed 'php' in [APP/views/tinyurls/dashboard.ctp, line 121]
2009-11-17 17:15:05 Notice: Notice (8): Use of undefined constant php - assumed 'php' in [APP/views/tinyurls/dashboard.ctp, line 121]
2009-11-17 17:15:30 Notice: Notice (8): Use of undefined constant php - assumed 'php' in [APP/views/tinyurls/dashboard.ctp, line 121]
2009-11-17 17:15:36 Notice: Notice (8): Undefined variable: path_parsed in [APP/models/malware.php, line 67]
2009-11-17 17:15:39 Notice: Notice (8): Use of undefined constant php - assumed 'php' in [APP/views/tinyurls/dashboard.ctp, line 121]
2009-11-17 17:15:54 Notice: Notice (8): Use of undefined constant php - assumed 'php' in [APP/views/tinyurls/dashboard.ctp, line 121]
2009-11-17 17:16:59 Notice: Notice (8): Use of undefined constant php - assumed 'php' in [APP/views/tinyurls/dashboard.ctp, line 121]
2009-11-17 17:28:29 Notice: Notice (8): Use of undefined constant php - assumed 'php' in [APP/views/tinyurls/dashboard.ctp, line 121]
2009-11-17 17:29:13 Notice: Notice (8): Use of undefined constant php - assumed 'php' in [APP/views/tinyurls/dashboard.ctp, line 121]
2009-11-17 17:29:27 Notice: Notice (8): Use of undefined constant php - assumed 'php' in [APP/views/tinyurls/dashboard.ctp, line 121]
2009-11-17 17:29:28 Notice: Notice (8): Use of undefined constant php - assumed 'php' in [APP/views/tinyurls/dashboard.ctp, line 121]
2009-11-17 17:29:29 Notice: Notice (8): Use of undefined constant php - assumed 'php' in [APP/views/tinyurls/dashboard.ctp, line 121]
2009-11-17 17:29:52 Notice: Notice (8): Use of undefined constant php - assumed 'php' in [APP/views/tinyurls/dashboard.ctp, line 121]
2009-11-17 17:30:06 Notice: Notice (8): Use of undefined constant php - assumed 'php' in [APP/views/tinyurls/dashboard.ctp, line 121]
2009-11-17 17:30:29 Notice: Notice (8): Use of undefined constant php - assumed 'php' in [APP/views/tinyurls/dashboard.ctp, line 121]
2009-11-17 17:30:37 Notice: Notice (8): Use of undefined constant php - assumed 'php' in [APP/views/tinyurls/dashboard.ctp, line 121]
2009-11-17 17:36:43 Notice: Notice (8): Use of undefined constant php - assumed 'php' in [APP/views/tinyurls/dashboard.ctp, line 121]
2009-11-17 17:40:10 Notice: Notice (8): Use of undefined constant php - assumed 'php' in [APP/views/tinyurls/dashboard.ctp, line 121]
2009-11-17 17:42:18 Notice: Notice (8): Use of undefined constant php - assumed 'php' in [APP/views/tinyurls/dashboard.ctp, line 120]
2009-11-17 17:43:48 Notice: Notice (8): Use of undefined constant php - assumed 'php' in [APP/views/tinyurls/dashboard.ctp, line 120]
2009-11-17 17:43:50 Notice: Notice (8): Use of undefined constant php - assumed 'php' in [APP/views/tinyurls/dashboard.ctp, line 120]
2009-11-17 17:44:17 Notice: Notice (8): Use of undefined constant php - assumed 'php' in [APP/views/tinyurls/dashboard.ctp, line 120]
2009-11-17 17:44:27 Notice: Notice (8): Use of undefined constant php - assumed 'php' in [APP/views/tinyurls/dashboard.ctp, line 120]
2009-11-17 17:45:55 Notice: Notice (8): Use of undefined constant php - assumed 'php' in [APP/views/tinyurls/dashboard.ctp, line 120]
2009-11-17 17:46:09 Notice: Notice (8): Use of undefined constant php - assumed 'php' in [APP/views/tinyurls/dashboard.ctp, line 120]
2009-11-17 17:48:20 Notice: Notice (8): Use of undefined constant php - assumed 'php' in [APP/views/tinyurls/dashboard.ctp, line 120]
2009-11-17 17:49:48 Notice: Notice (8): Use of undefined constant php - assumed 'php' in [APP/views/tinyurls/dashboard.ctp, line 120]
2009-11-17 17:50:06 Notice: Notice (8): Use of undefined constant php - assumed 'php' in [APP/views/tinyurls/dashboard.ctp, line 120]
2009-11-17 17:50:16 Notice: Notice (8): Use of undefined constant php - assumed 'php' in [APP/views/tinyurls/dashboard.ctp, line 120]
2009-11-17 17:50:34 Notice: Notice (8): Use of undefined constant php - assumed 'php' in [APP/views/tinyurls/dashboard.ctp, line 120]
2009-11-17 17:51:32 Notice: Notice (8): Use of undefined constant php - assumed 'php' in [APP/views/tinyurls/dashboard.ctp, line 120]
2009-11-17 17:54:37 Notice: Notice (8): Use of undefined constant php - assumed 'php' in [APP/views/tinyurls/dashboard.ctp, line 120]
2009-11-17 17:55:25 Notice: Notice (8): Use of undefined constant php - assumed 'php' in [APP/views/tinyurls/dashboard.ctp, line 120]
2009-11-17 17:58:07 Notice: Notice (8): Use of undefined constant php - assumed 'php' in [APP/views/tinyurls/dashboard.ctp, line 120]
2009-11-17 17:59:08 Notice: Notice (8): Use of undefined constant php - assumed 'php' in [APP/views/tinyurls/dashboard.ctp, line 120]
2009-11-17 17:59:34 Notice: Notice (8): Use of undefined constant php - assumed 'php' in [APP/views/tinyurls/dashboard.ctp, line 120]
2009-11-17 17:59:59 Notice: Notice (8): Use of undefined constant php - assumed 'php' in [APP/views/tinyurls/dashboard.ctp, line 120]
2009-11-17 18:00:14 Notice: Notice (8): Use of undefined constant php - assumed 'php' in [APP/views/tinyurls/dashboard.ctp, line 120]
2009-11-17 18:00:17 Notice: Notice (8): Use of undefined constant php - assumed 'php' in [APP/views/tinyurls/dashboard.ctp, line 120]
2009-11-17 18:00:29 Notice: Notice (8): Use of undefined constant php - assumed 'php' in [APP/views/tinyurls/dashboard.ctp, line 120]
2009-11-18 16:22:13 Notice: Notice (8): Undefined index:  Bunch in [APP/views/tinyurls/dashboard.ctp, line 131]
2009-11-18 16:22:44 Notice: Notice (8): Undefined index:  Bunch in [APP/views/tinyurls/dashboard.ctp, line 133]
2009-11-18 16:23:05 Notice: Notice (8): Undefined index:  url in [APP/views/tinyurls/dashboard.ctp, line 133]
2009-11-18 16:31:41 Notice: Notice (8): Undefined index:  TinyUrl in [APP/views/administrators/dashboard.ctp, line 12]
2009-11-18 16:31:41 Notice: Notice (8): Undefined index:  TinyUrl in [APP/views/administrators/dashboard.ctp, line 13]
2009-11-18 18:08:05 Notice: Notice (8): Undefined variable: id in [APP/controllers/administrators_controller.php, line 24]
2009-11-19 11:58:35 Notice: Notice (8): Undefined index:  Bunch in [APP/views/tinyurls/dashboard.ctp, line 139]
2009-11-19 12:22:54 Notice: Notice (8): Undefined index:  id in [APP/models/tinyurl.php, line 52]
2009-11-19 12:22:54 Notice: Notice (8): Undefined index:  url in [APP/views/tinyurls/index.ctp, line 6]
2009-11-19 12:22:54 Notice: Notice (8): Undefined index:  url in [APP/views/tinyurls/index.ctp, line 8]
2009-11-19 12:22:54 Notice: Notice (8): Undefined index:  url in [APP/views/tinyurls/index.ctp, line 10]
2009-11-19 12:22:54 Notice: Notice (8): Undefined index:  id in [APP/models/tinyurl.php, line 52]
2009-11-19 12:22:54 Notice: Notice (8): Undefined index:  url in [APP/views/tinyurls/index.ctp, line 6]
2009-11-19 12:22:54 Notice: Notice (8): Undefined index:  url in [APP/views/tinyurls/index.ctp, line 8]
2009-11-19 12:22:54 Notice: Notice (8): Undefined index:  url in [APP/views/tinyurls/index.ctp, line 10]
2009-11-19 12:23:01 Notice: Notice (8): Undefined index:  id in [APP/models/tinyurl.php, line 52]
2009-11-19 12:23:01 Notice: Notice (8): Undefined index:  url in [APP/views/tinyurls/index.ctp, line 6]
2009-11-19 12:23:01 Notice: Notice (8): Undefined index:  url in [APP/views/tinyurls/index.ctp, line 8]
2009-11-19 12:23:01 Notice: Notice (8): Undefined index:  url in [APP/views/tinyurls/index.ctp, line 10]
2009-11-19 12:23:01 Notice: Notice (8): Undefined index:  id in [APP/models/tinyurl.php, line 52]
2009-11-19 12:23:01 Notice: Notice (8): Undefined index:  url in [APP/views/tinyurls/index.ctp, line 6]
2009-11-19 12:23:01 Notice: Notice (8): Undefined index:  url in [APP/views/tinyurls/index.ctp, line 8]
2009-11-19 12:23:01 Notice: Notice (8): Undefined index:  url in [APP/views/tinyurls/index.ctp, line 10]
2009-11-19 14:27:04 Notice: Notice (8): Undefined index:  id in [APP/models/tinyurl.php, line 52]
2009-11-19 14:27:04 Notice: Notice (8): Undefined index:  url in [APP/views/tinyurls/index.ctp, line 6]
2009-11-19 14:27:04 Notice: Notice (8): Undefined index:  url in [APP/views/tinyurls/index.ctp, line 8]
2009-11-19 14:27:04 Notice: Notice (8): Undefined index:  url in [APP/views/tinyurls/index.ctp, line 10]
2009-11-19 14:27:04 Notice: Notice (8): Undefined index:  id in [APP/models/tinyurl.php, line 52]
2009-11-19 14:27:04 Notice: Notice (8): Undefined index:  url in [APP/views/tinyurls/index.ctp, line 6]
2009-11-19 14:27:04 Notice: Notice (8): Undefined index:  url in [APP/views/tinyurls/index.ctp, line 8]
2009-11-19 14:27:04 Notice: Notice (8): Undefined index:  url in [APP/views/tinyurls/index.ctp, line 10]
2009-11-20 11:44:37 Notice: Notice (8): Undefined property:  Tinyurl::$read in [APP/controllers/tinyurls_controller.php, line 45]
2009-11-20 11:45:27 Notice: Notice (8): Undefined property:  Tinyurl::$read in [APP/controllers/tinyurls_controller.php, line 45]
2009-11-20 11:45:48 Notice: Notice (8): Undefined property:  Tinyurl::$read in [APP/controllers/tinyurls_controller.php, line 45]
2009-11-20 13:55:00 Notice: Notice (8): Undefined variable: url in [APP/controllers/tinyurls_controller.php, line 13]
2009-11-20 14:23:35 Notice: Notice (8): Undefined index:  id in [APP/models/tinyurl.php, line 52]
2009-11-20 14:23:35 Notice: Notice (8): Undefined index:  url in [APP/views/tinyurls/index.ctp, line 7]
2009-11-20 14:23:35 Notice: Notice (8): Undefined index:  url in [APP/views/tinyurls/index.ctp, line 9]
2009-11-20 14:23:35 Notice: Notice (8): Undefined index:  url in [APP/views/tinyurls/index.ctp, line 13]
2009-11-20 14:23:35 Notice: Notice (8): Undefined index:  id in [APP/models/tinyurl.php, line 52]
2009-11-20 14:23:35 Notice: Notice (8): Undefined index:  url in [APP/views/tinyurls/index.ctp, line 7]
2009-11-20 14:23:35 Notice: Notice (8): Undefined index:  url in [APP/views/tinyurls/index.ctp, line 9]
2009-11-20 14:23:36 Notice: Notice (8): Undefined index:  url in [APP/views/tinyurls/index.ctp, line 13]
2009-11-20 15:22:45 Notice: Notice (8): Undefined variable: Tinyurl in [APP/views/bunches/index.ctp, line 19]
2009-11-20 15:40:09 Notice: Notice (8): Undefined index:  id in [APP/models/tinyurl.php, line 52]
2009-11-20 15:40:09 Notice: Notice (8): Undefined index:  url in [APP/views/tinyurls/index.ctp, line 10]
2009-11-20 15:40:09 Notice: Notice (8): Undefined index:  url in [APP/views/tinyurls/index.ctp, line 12]
2009-11-20 15:40:09 Notice: Notice (8): Undefined index:  url in [APP/views/tinyurls/index.ctp, line 18]
2009-11-20 15:40:10 Notice: Notice (8): Undefined index:  id in [APP/models/tinyurl.php, line 52]
2009-11-20 15:40:10 Notice: Notice (8): Undefined index:  url in [APP/views/tinyurls/index.ctp, line 10]
2009-11-20 15:40:10 Notice: Notice (8): Undefined index:  url in [APP/views/tinyurls/index.ctp, line 12]
2009-11-20 15:40:10 Notice: Notice (8): Undefined index:  url in [APP/views/tinyurls/index.ctp, line 18]
2009-11-20 15:50:15 Notice: Notice (8): Undefined index:  id in [APP/models/tinyurl.php, line 52]
2009-11-20 15:50:16 Notice: Notice (8): Undefined index:  url in [APP/views/tinyurls/index.ctp, line 10]
2009-11-20 15:50:16 Notice: Notice (8): Undefined index:  url in [APP/views/tinyurls/index.ctp, line 12]
2009-11-20 15:50:16 Notice: Notice (8): Undefined index:  url in [APP/views/tinyurls/index.ctp, line 18]
2009-11-20 15:50:16 Notice: Notice (8): Undefined index:  id in [APP/models/tinyurl.php, line 52]
2009-11-20 15:50:16 Notice: Notice (8): Undefined index:  url in [APP/views/tinyurls/index.ctp, line 10]
2009-11-20 15:50:16 Notice: Notice (8): Undefined index:  url in [APP/views/tinyurls/index.ctp, line 12]
2009-11-20 15:50:16 Notice: Notice (8): Undefined index:  url in [APP/views/tinyurls/index.ctp, line 18]
2009-11-20 15:52:20 Notice: Notice (8): Undefined index:  id in [APP/models/tinyurl.php, line 52]
2009-11-20 15:52:20 Notice: Notice (8): Undefined index:  url in [APP/views/tinyurls/index.ctp, line 10]
2009-11-20 15:52:20 Notice: Notice (8): Undefined index:  url in [APP/views/tinyurls/index.ctp, line 12]
2009-11-20 15:52:20 Notice: Notice (8): Undefined index:  url in [APP/views/tinyurls/index.ctp, line 18]
2009-11-20 15:52:21 Notice: Notice (8): Undefined index:  id in [APP/models/tinyurl.php, line 52]
2009-11-20 15:52:21 Notice: Notice (8): Undefined index:  url in [APP/views/tinyurls/index.ctp, line 10]
2009-11-20 15:52:21 Notice: Notice (8): Undefined index:  url in [APP/views/tinyurls/index.ctp, line 12]
2009-11-20 15:52:21 Notice: Notice (8): Undefined index:  url in [APP/views/tinyurls/index.ctp, line 18]
2009-11-20 15:53:03 Notice: Notice (8): Undefined index:  id in [APP/models/tinyurl.php, line 52]
2009-11-20 15:53:03 Notice: Notice (8): Undefined index:  url in [APP/views/tinyurls/index.ctp, line 10]
2009-11-20 15:53:03 Notice: Notice (8): Undefined index:  url in [APP/views/tinyurls/index.ctp, line 12]
2009-11-20 15:53:03 Notice: Notice (8): Undefined index:  url in [APP/views/tinyurls/index.ctp, line 18]
2009-11-20 15:53:04 Notice: Notice (8): Undefined index:  id in [APP/models/tinyurl.php, line 52]
2009-11-20 15:53:04 Notice: Notice (8): Undefined index:  url in [APP/views/tinyurls/index.ctp, line 10]
2009-11-20 15:53:04 Notice: Notice (8): Undefined index:  url in [APP/views/tinyurls/index.ctp, line 12]
2009-11-20 15:53:04 Notice: Notice (8): Undefined index:  url in [APP/views/tinyurls/index.ctp, line 18]
2009-11-20 15:55:22 Notice: Notice (8): Undefined index:  id in [APP/models/tinyurl.php, line 52]
2009-11-20 15:55:22 Notice: Notice (8): Undefined index:  url in [APP/views/tinyurls/index.ctp, line 10]
2009-11-20 15:55:22 Notice: Notice (8): Undefined index:  url in [APP/views/tinyurls/index.ctp, line 12]
2009-11-20 15:55:22 Notice: Notice (8): Undefined index:  url in [APP/views/tinyurls/index.ctp, line 18]
2009-11-20 15:55:22 Notice: Notice (8): Undefined index:  id in [APP/models/tinyurl.php, line 52]
2009-11-20 15:55:22 Notice: Notice (8): Undefined index:  url in [APP/views/tinyurls/index.ctp, line 10]
2009-11-20 15:55:22 Notice: Notice (8): Undefined index:  url in [APP/views/tinyurls/index.ctp, line 12]
2009-11-20 15:55:22 Notice: Notice (8): Undefined index:  url in [APP/views/tinyurls/index.ctp, line 18]
2009-11-20 15:55:25 Notice: Notice (8): Undefined index:  id in [APP/models/tinyurl.php, line 52]
2009-11-20 15:55:25 Notice: Notice (8): Undefined index:  url in [APP/views/tinyurls/index.ctp, line 10]
2009-11-20 15:55:25 Notice: Notice (8): Undefined index:  url in [APP/views/tinyurls/index.ctp, line 12]
2009-11-20 15:55:25 Notice: Notice (8): Undefined index:  url in [APP/views/tinyurls/index.ctp, line 18]
2009-11-20 15:55:26 Notice: Notice (8): Undefined index:  id in [APP/models/tinyurl.php, line 52]
2009-11-20 15:55:26 Notice: Notice (8): Undefined index:  url in [APP/views/tinyurls/index.ctp, line 10]
2009-11-20 15:55:26 Notice: Notice (8): Undefined index:  url in [APP/views/tinyurls/index.ctp, line 12]
2009-11-20 15:55:26 Notice: Notice (8): Undefined index:  url in [APP/views/tinyurls/index.ctp, line 18]
2009-11-20 15:55:26 Notice: Notice (8): Undefined index:  id in [APP/models/tinyurl.php, line 52]
2009-11-20 15:55:26 Notice: Notice (8): Undefined index:  url in [APP/views/tinyurls/index.ctp, line 10]
2009-11-20 15:55:26 Notice: Notice (8): Undefined index:  url in [APP/views/tinyurls/index.ctp, line 12]
2009-11-20 15:55:26 Notice: Notice (8): Undefined index:  url in [APP/views/tinyurls/index.ctp, line 18]
2009-11-20 15:55:27 Notice: Notice (8): Undefined index:  id in [APP/models/tinyurl.php, line 52]
2009-11-20 15:55:27 Notice: Notice (8): Undefined index:  url in [APP/views/tinyurls/index.ctp, line 10]
2009-11-20 15:55:27 Notice: Notice (8): Undefined index:  url in [APP/views/tinyurls/index.ctp, line 12]
2009-11-20 15:55:27 Notice: Notice (8): Undefined index:  url in [APP/views/tinyurls/index.ctp, line 18]
2009-11-20 15:55:39 Notice: Notice (8): Undefined index:  id in [APP/models/tinyurl.php, line 52]
2009-11-20 15:55:39 Notice: Notice (8): Undefined index:  url in [APP/views/tinyurls/index.ctp, line 10]
2009-11-20 15:55:39 Notice: Notice (8): Undefined index:  url in [APP/views/tinyurls/index.ctp, line 12]
2009-11-20 15:55:39 Notice: Notice (8): Undefined index:  url in [APP/views/tinyurls/index.ctp, line 18]
2009-11-20 15:55:40 Notice: Notice (8): Undefined index:  id in [APP/models/tinyurl.php, line 52]
2009-11-20 15:55:40 Notice: Notice (8): Undefined index:  url in [APP/views/tinyurls/index.ctp, line 10]
2009-11-20 15:55:40 Notice: Notice (8): Undefined index:  url in [APP/views/tinyurls/index.ctp, line 12]
2009-11-20 15:55:40 Notice: Notice (8): Undefined index:  url in [APP/views/tinyurls/index.ctp, line 18]
2009-11-20 15:56:45 Notice: Notice (8): Undefined variable: Tinyurl in [APP/views/tinyurls/index.ctp, line 10]
2009-11-20 15:56:45 Notice: Notice (8): Undefined variable: Tinyurl in [APP/views/tinyurls/index.ctp, line 12]
2009-11-20 15:56:45 Notice: Notice (8): Undefined variable: Tinyurl in [APP/views/tinyurls/index.ctp, line 14]
2009-11-20 15:56:45 Notice: Notice (8): Undefined variable: Tinyurl in [APP/views/tinyurls/index.ctp, line 18]
2009-11-20 15:56:46 Notice: Notice (8): Undefined variable: Tinyurl in [APP/views/tinyurls/index.ctp, line 10]
2009-11-20 15:56:46 Notice: Notice (8): Undefined variable: Tinyurl in [APP/views/tinyurls/index.ctp, line 12]
2009-11-20 15:56:46 Notice: Notice (8): Undefined variable: Tinyurl in [APP/views/tinyurls/index.ctp, line 14]
2009-11-20 15:56:46 Notice: Notice (8): Undefined variable: Tinyurl in [APP/views/tinyurls/index.ctp, line 18]
2009-11-20 15:57:49 Notice: Notice (8): Undefined variable: Tinyurl in [APP/views/tinyurls/index.ctp, line 10]
2009-11-20 15:57:49 Notice: Notice (8): Undefined variable: Tinyurl in [APP/views/tinyurls/index.ctp, line 12]
2009-11-20 15:57:49 Notice: Notice (8): Undefined variable: Tinyurl in [APP/views/tinyurls/index.ctp, line 14]
2009-11-20 15:57:49 Notice: Notice (8): Undefined variable: Tinyurl in [APP/views/tinyurls/index.ctp, line 18]
2009-11-20 15:57:49 Notice: Notice (8): Undefined variable: Tinyurl in [APP/views/tinyurls/index.ctp, line 10]
2009-11-20 15:57:49 Notice: Notice (8): Undefined variable: Tinyurl in [APP/views/tinyurls/index.ctp, line 12]
2009-11-20 15:57:49 Notice: Notice (8): Undefined variable: Tinyurl in [APP/views/tinyurls/index.ctp, line 14]
2009-11-20 15:57:49 Notice: Notice (8): Undefined variable: Tinyurl in [APP/views/tinyurls/index.ctp, line 18]
2009-11-23 14:10:36 Notice: Notice (8): Undefined variable: javascript in [APP/views/layouts/default.ctp, line 35]
2009-11-23 14:10:47 Notice: Notice (8): Undefined variable: javascript in [APP/views/layouts/default.ctp, line 35]
2009-11-23 14:12:04 Notice: Notice (8): Undefined variable: javascript in [APP/views/layouts/default.ctp, line 35]
2009-11-23 14:12:26 Notice: Notice (8): Undefined variable: javascript in [APP/views/layouts/default.ctp, line 35]
2009-11-23 14:12:29 Notice: Notice (8): Undefined variable: javascript in [APP/views/layouts/default.ctp, line 35]
2009-11-23 14:12:58 Notice: Notice (8): Undefined variable: javascript in [APP/views/layouts/default.ctp, line 35]
2009-11-23 14:13:00 Notice: Notice (8): Undefined variable: javascript in [APP/views/layouts/default.ctp, line 35]
2009-11-23 14:13:16 Notice: Notice (8): Undefined variable: javascript in [APP/views/layouts/default.ctp, line 35]
2009-11-23 14:13:18 Notice: Notice (8): Undefined variable: javascript in [APP/views/layouts/default.ctp, line 35]
2009-11-23 14:14:00 Notice: Notice (8): Undefined variable: javascript in [APP/views/layouts/default.ctp, line 35]
2009-11-23 14:14:02 Notice: Notice (8): Undefined variable: javascript in [APP/views/layouts/default.ctp, line 35]
2009-11-23 14:14:11 Notice: Notice (8): Undefined variable: javascript in [APP/views/layouts/default.ctp, line 35]
2009-11-23 14:14:15 Notice: Notice (8): Undefined variable: javascript in [APP/views/layouts/default.ctp, line 35]
2009-11-23 14:14:25 Notice: Notice (8): Undefined variable: javascript in [APP/views/layouts/default.ctp, line 35]
2009-11-23 14:14:56 Notice: Notice (8): Undefined variable: javascript in [APP/views/layouts/default.ctp, line 35]
2009-11-23 14:14:59 Notice: Notice (8): Undefined variable: javascript in [APP/views/layouts/default.ctp, line 35]
2009-11-23 14:14:59 Notice: Notice (8): Undefined variable: javascript in [APP/views/layouts/default.ctp, line 35]
2009-11-23 14:15:01 Notice: Notice (8): Undefined variable: javascript in [APP/views/layouts/default.ctp, line 35]
2009-11-23 14:15:01 Notice: Notice (8): Undefined variable: javascript in [APP/views/layouts/default.ctp, line 35]
2009-11-23 14:15:01 Notice: Notice (8): Undefined variable: javascript in [APP/views/layouts/default.ctp, line 35]
2009-11-23 14:15:44 Notice: Notice (8): Undefined variable: javascript in [APP/views/layouts/default.ctp, line 35]
2009-11-23 14:15:46 Notice: Notice (8): Undefined variable: javascript in [APP/views/layouts/default.ctp, line 35]
2009-11-23 14:16:18 Notice: Notice (8): Undefined variable: javascript in [APP/views/layouts/default.ctp, line 35]
2009-11-23 14:16:19 Notice: Notice (8): Undefined variable: javascript in [APP/views/layouts/default.ctp, line 35]
2009-11-23 14:16:21 Notice: Notice (8): Undefined variable: javascript in [APP/views/layouts/default.ctp, line 35]
2009-11-23 14:16:53 Notice: Notice (8): Undefined variable: javascript in [APP/views/layouts/default.ctp, line 35]
2009-11-23 14:29:41 Notice: Notice (8): Undefined variable: javascript in [APP/views/layouts/default.ctp, line 35]
2009-11-23 14:29:43 Notice: Notice (8): Undefined variable: javascript in [APP/views/layouts/default.ctp, line 35]
2009-11-23 14:29:48 Notice: Notice (8): Undefined variable: javascript in [APP/views/layouts/default.ctp, line 35]
2009-11-23 14:32:44 Notice: Notice (8): Undefined variable: javascript in [APP/views/layouts/default.ctp, line 35]
2009-11-23 14:32:57 Notice: Notice (8): Undefined variable: javascript in [APP/views/layouts/default.ctp, line 35]
2009-11-23 14:32:57 Notice: Notice (8): Undefined variable: javascript in [APP/views/layouts/default.ctp, line 35]
2009-11-23 14:44:42 Notice: Notice (8): Undefined variable: copyFunction in [APP/views/tinyurls/index.ctp, line 66]
2009-11-23 14:44:43 Notice: Notice (8): Undefined variable: javascript in [APP/views/layouts/default.ctp, line 35]
2009-11-23 14:44:59 Notice: Notice (8): Undefined variable: javascript in [APP/views/layouts/default.ctp, line 35]
2009-11-23 14:45:02 Notice: Notice (8): Undefined variable: javascript in [APP/views/layouts/default.ctp, line 35]
2009-11-23 14:45:55 Notice: Notice (8): Undefined variable: javascript in [APP/views/layouts/default.ctp, line 35]
2009-11-23 14:46:40 Notice: Notice (8): Undefined variable: javascript in [APP/views/layouts/default.ctp, line 35]
2009-11-23 14:47:11 Notice: Notice (8): Undefined variable: javascript in [APP/views/layouts/default.ctp, line 35]
2009-11-23 14:47:13 Notice: Notice (8): Undefined variable: javascript in [APP/views/layouts/default.ctp, line 35]
2009-11-23 14:47:15 Notice: Notice (8): Undefined variable: javascript in [APP/views/layouts/default.ctp, line 35]
2009-11-23 14:49:56 Notice: Notice (8): Undefined variable: javascript in [APP/views/layouts/default.ctp, line 35]
2009-11-23 14:49:58 Notice: Notice (8): Undefined variable: javascript in [APP/views/layouts/default.ctp, line 35]
2009-11-23 14:50:47 Notice: Notice (8): Undefined variable: javascript in [APP/views/layouts/default.ctp, line 35]
2009-11-23 14:50:52 Notice: Notice (8): Undefined variable: javascript in [APP/views/layouts/default.ctp, line 35]
2009-11-23 14:50:59 Notice: Notice (8): Undefined variable: javascript in [APP/views/layouts/default.ctp, line 35]
2009-11-23 14:52:13 Notice: Notice (8): Undefined variable: javascript in [APP/views/layouts/default.ctp, line 35]
2009-11-23 14:52:23 Notice: Notice (8): Undefined variable: javascript in [APP/views/layouts/default.ctp, line 35]
2009-11-23 14:53:26 Notice: Notice (8): Undefined variable: javascript in [APP/views/layouts/default.ctp, line 35]
2009-11-23 14:53:29 Notice: Notice (8): Undefined variable: javascript in [APP/views/layouts/default.ctp, line 35]
2009-11-23 14:53:50 Notice: Notice (8): Undefined variable: javascript in [APP/views/layouts/default.ctp, line 35]
2009-11-23 14:54:14 Notice: Notice (8): Undefined variable: javascript in [APP/views/layouts/default.ctp, line 35]
2009-11-23 14:54:35 Notice: Notice (8): Undefined variable: javascript in [APP/views/layouts/default.ctp, line 35]
2009-11-23 14:54:46 Notice: Notice (8): Undefined variable: javascript in [APP/views/layouts/default.ctp, line 35]
2009-11-23 14:56:53 Notice: Notice (8): Undefined variable: javascript in [APP/views/layouts/default.ctp, line 35]
2009-11-23 14:57:09 Notice: Notice (8): Undefined variable: javascript in [APP/views/layouts/default.ctp, line 35]
2009-11-23 14:58:00 Notice: Notice (8): Undefined variable: javascript in [APP/views/layouts/default.ctp, line 35]
2009-11-23 14:58:40 Notice: Notice (8): Undefined variable: javascript in [APP/views/layouts/default.ctp, line 35]
2009-11-23 15:02:18 Notice: Notice (8): Undefined variable: javascript in [APP/views/layouts/default.ctp, line 35]
2009-11-23 15:02:37 Notice: Notice (8): Undefined variable: javascript in [APP/views/layouts/default.ctp, line 35]
2009-11-23 15:03:04 Notice: Notice (8): Undefined variable: javascript in [APP/views/layouts/default.ctp, line 35]
2009-11-23 15:04:17 Notice: Notice (8): Undefined variable: javascript in [APP/views/layouts/default.ctp, line 35]
2009-11-23 15:04:30 Notice: Notice (8): Undefined variable: javascript in [APP/views/layouts/default.ctp, line 35]
2009-11-23 15:04:58 Notice: Notice (8): Undefined variable: javascript in [APP/views/layouts/default.ctp, line 35]
2009-11-23 15:05:17 Notice: Notice (8): Undefined variable: javascript in [APP/views/layouts/default.ctp, line 35]
2009-11-23 15:06:00 Notice: Notice (8): Undefined variable: javascript in [APP/views/layouts/default.ctp, line 35]
2009-11-23 15:06:18 Notice: Notice (8): Undefined variable: javascript in [APP/views/layouts/default.ctp, line 35]
2009-11-23 15:06:41 Notice: Notice (8): Undefined variable: javascript in [APP/views/layouts/default.ctp, line 35]
2009-11-23 15:07:29 Notice: Notice (8): Undefined variable: javascript in [APP/views/layouts/default.ctp, line 35]
2009-11-23 15:08:19 Notice: Notice (8): Undefined variable: javascript in [APP/views/layouts/default.ctp, line 35]
2009-11-23 15:08:48 Notice: Notice (8): Undefined variable: javascript in [APP/views/layouts/default.ctp, line 35]
2009-11-23 15:09:16 Notice: Notice (8): Undefined variable: javascript in [APP/views/layouts/default.ctp, line 35]
2009-11-23 15:10:21 Notice: Notice (8): Undefined variable: javascript in [APP/views/layouts/default.ctp, line 35]
2009-11-23 15:12:27 Notice: Notice (8): Undefined variable: javascript in [APP/views/layouts/default.ctp, line 35]
2009-11-23 15:14:05 Notice: Notice (8): Undefined variable: javascript in [APP/views/layouts/default.ctp, line 35]
2009-11-23 15:16:17 Notice: Notice (8): Undefined variable: javascript in [APP/views/layouts/default.ctp, line 35]
2009-11-23 15:17:34 Notice: Notice (8): Undefined variable: javascript in [APP/views/layouts/default.ctp, line 35]
2009-11-23 15:17:37 Notice: Notice (8): Undefined variable: javascript in [APP/views/layouts/default.ctp, line 35]
2009-11-23 15:18:07 Notice: Notice (8): Undefined variable: javascript in [APP/views/layouts/default.ctp, line 35]
2009-11-23 15:19:44 Notice: Notice (8): Undefined variable: javascript in [APP/views/layouts/default.ctp, line 35]
2009-11-23 15:21:49 Notice: Notice (8): Undefined variable: javascript in [APP/views/layouts/default.ctp, line 35]
2009-11-23 15:23:22 Notice: Notice (8): Undefined variable: javascript in [APP/views/layouts/default.ctp, line 35]
2009-11-23 15:23:23 Notice: Notice (8): Undefined variable: javascript in [APP/views/layouts/default.ctp, line 35]
2009-11-23 15:23:26 Notice: Notice (8): Undefined variable: javascript in [APP/views/layouts/default.ctp, line 35]
2009-11-23 15:24:30 Notice: Notice (8): Undefined variable: javascript in [APP/views/layouts/default.ctp, line 35]
2009-11-23 15:29:02 Notice: Notice (8): Undefined variable: javascript in [APP/views/layouts/default.ctp, line 35]
2009-11-23 15:38:29 Notice: Notice (8): Undefined variable: javascript in [APP/views/layouts/default.ctp, line 35]
2009-11-23 15:39:06 Notice: Notice (8): Undefined variable: javascript in [APP/views/layouts/default.ctp, line 35]
2009-11-23 15:39:22 Notice: Notice (8): Undefined variable: javascript in [APP/views/layouts/default.ctp, line 35]
2009-11-23 15:46:55 Notice: Notice (8): Undefined variable: javascript in [APP/views/layouts/default.ctp, line 35]
2009-11-23 15:49:33 Notice: Notice (8): Undefined variable: javascript in [APP/views/layouts/default.ctp, line 35]
2009-11-23 15:50:14 Notice: Notice (8): Undefined variable: javascript in [APP/views/layouts/default.ctp, line 35]
2009-11-23 15:50:31 Notice: Notice (8): Undefined variable: javascript in [APP/views/layouts/default.ctp, line 35]
2009-11-23 15:57:00 Notice: Notice (8): Undefined variable: javascript in [APP/views/layouts/default.ctp, line 35]
2009-11-23 15:57:52 Notice: Notice (8): Undefined variable: javascript in [APP/views/layouts/default.ctp, line 35]
2009-11-23 15:58:10 Notice: Notice (8): Undefined variable: javascript in [APP/views/layouts/default.ctp, line 35]
2009-11-23 15:58:25 Notice: Notice (8): Undefined variable: javascript in [APP/views/layouts/default.ctp, line 35]
2009-11-23 15:58:43 Notice: Notice (8): Undefined variable: javascript in [APP/views/layouts/default.ctp, line 35]
2009-11-23 15:59:02 Notice: Notice (8): Undefined variable: javascript in [APP/views/layouts/default.ctp, line 35]
2009-11-23 15:59:31 Notice: Notice (8): Undefined variable: javascript in [APP/views/layouts/default.ctp, line 35]
2009-11-23 16:00:50 Notice: Notice (8): Undefined variable: javascript in [APP/views/layouts/default.ctp, line 35]
2009-11-23 16:01:33 Notice: Notice (8): Undefined variable: javascript in [APP/views/layouts/default.ctp, line 35]
2009-11-23 16:03:56 Notice: Notice (8): Undefined variable: javascript in [APP/views/layouts/default.ctp, line 35]
2009-11-23 16:08:59 Notice: Notice (8): Undefined variable: javascript in [APP/views/layouts/default.ctp, line 35]
2009-11-23 16:09:15 Notice: Notice (8): Undefined variable: javascript in [APP/views/layouts/default.ctp, line 35]
2009-11-23 16:11:05 Notice: Notice (8): Undefined variable: javascript in [APP/views/layouts/default.ctp, line 35]
2009-11-23 16:11:11 Notice: Notice (8): Undefined variable: javascript in [APP/views/layouts/default.ctp, line 35]
2009-11-23 16:11:20 Notice: Notice (8): Undefined variable: javascript in [APP/views/layouts/default.ctp, line 35]
2009-11-23 16:13:54 Notice: Notice (8): Undefined variable: javascript in [APP/views/layouts/default.ctp, line 35]
2009-11-23 16:14:47 Notice: Notice (8): Undefined variable: javascript in [APP/views/layouts/default.ctp, line 35]
2009-11-23 16:15:06 Notice: Notice (8): Undefined variable: javascript in [APP/views/layouts/default.ctp, line 35]
2009-11-23 16:15:08 Notice: Notice (8): Undefined variable: javascript in [APP/views/layouts/default.ctp, line 35]
2009-11-23 16:15:22 Notice: Notice (8): Undefined variable: javascript in [APP/views/layouts/default.ctp, line 35]
2009-11-23 16:18:29 Notice: Notice (8): Undefined variable: javascript in [APP/views/layouts/default.ctp, line 35]
2009-11-23 16:18:40 Notice: Notice (8): Undefined variable: javascript in [APP/views/layouts/default.ctp, line 35]
2009-11-23 16:20:08 Notice: Notice (8): Undefined variable: javascript in [APP/views/layouts/default.ctp, line 35]
2009-11-23 16:20:19 Notice: Notice (8): Undefined variable: javascript in [APP/views/layouts/default.ctp, line 35]
2009-11-23 16:20:27 Notice: Notice (8): Undefined variable: javascript in [APP/views/layouts/default.ctp, line 35]
2009-11-23 16:25:10 Notice: Notice (8): Undefined variable: javascript in [APP/views/layouts/default.ctp, line 35]
2009-11-23 16:25:25 Notice: Notice (8): Undefined variable: javascript in [APP/views/layouts/default.ctp, line 35]
2009-11-23 16:25:45 Notice: Notice (8): Undefined variable: javascript in [APP/views/layouts/default.ctp, line 35]
2009-11-23 16:25:52 Notice: Notice (8): Undefined variable: javascript in [APP/views/layouts/default.ctp, line 35]
2009-11-23 16:25:54 Notice: Notice (8): Undefined variable: javascript in [APP/views/layouts/default.ctp, line 35]
2009-11-23 16:26:39 Notice: Notice (8): Undefined variable: javascript in [APP/views/layouts/default.ctp, line 35]
2009-11-23 16:26:47 Notice: Notice (8): Undefined variable: javascript in [APP/views/layouts/default.ctp, line 35]
2009-11-23 16:26:48 Notice: Notice (8): Undefined variable: javascript in [APP/views/layouts/default.ctp, line 35]
2009-11-23 16:29:20 Notice: Notice (8): Undefined variable: javascript in [APP/views/layouts/default.ctp, line 35]
2009-11-23 16:30:28 Notice: Notice (8): Undefined variable: javascript in [APP/views/layouts/default.ctp, line 35]
2009-11-23 16:30:37 Notice: Notice (8): Undefined variable: javascript in [APP/views/layouts/default.ctp, line 35]
2009-11-23 16:35:07 Notice: Notice (8): Undefined variable: javascript in [APP/views/layouts/default.ctp, line 35]
2009-11-23 16:35:11 Notice: Notice (8): Undefined variable: javascript in [APP/views/layouts/default.ctp, line 35]
2009-11-23 16:35:19 Notice: Notice (8): Undefined variable: javascript in [APP/views/layouts/default.ctp, line 35]
2009-11-23 16:36:19 Notice: Notice (8): Undefined variable: javascript in [APP/views/layouts/default.ctp, line 35]
2009-11-23 16:36:24 Notice: Notice (8): Undefined variable: javascript in [APP/views/layouts/default.ctp, line 35]
2009-11-23 16:36:29 Notice: Notice (8): Undefined variable: javascript in [APP/views/layouts/default.ctp, line 35]
2009-11-23 16:36:51 Notice: Notice (8): Undefined variable: javascript in [APP/views/layouts/default.ctp, line 35]
2009-11-23 16:37:47 Notice: Notice (8): Undefined variable: javascript in [APP/views/layouts/default.ctp, line 35]
2009-11-23 16:38:03 Notice: Notice (8): Undefined variable: javascript in [APP/views/layouts/default.ctp, line 35]
2009-11-23 16:38:41 Notice: Notice (8): Undefined variable: javascript in [APP/views/layouts/default.ctp, line 35]
2009-11-23 16:38:58 Notice: Notice (8): Undefined variable: javascript in [APP/views/layouts/default.ctp, line 35]
2009-11-23 16:39:33 Notice: Notice (8): Undefined variable: javascript in [APP/views/layouts/default.ctp, line 35]
2009-11-23 16:39:33 Notice: Notice (8): Undefined variable: javascript in [APP/views/layouts/default.ctp, line 35]
2009-11-23 16:39:34 Notice: Notice (8): Undefined variable: javascript in [APP/views/layouts/default.ctp, line 35]
2009-11-23 16:39:35 Notice: Notice (8): Undefined variable: javascript in [APP/views/layouts/default.ctp, line 35]
2009-11-23 16:39:36 Notice: Notice (8): Undefined variable: javascript in [APP/views/layouts/default.ctp, line 35]
2009-11-23 16:39:37 Notice: Notice (8): Undefined variable: javascript in [APP/views/layouts/default.ctp, line 35]
2009-11-23 16:40:01 Notice: Notice (8): Undefined variable: javascript in [APP/views/layouts/default.ctp, line 35]
2009-11-23 16:40:48 Notice: Notice (8): Undefined variable: javascript in [APP/views/layouts/default.ctp, line 35]
2009-11-23 16:40:56 Notice: Notice (8): Undefined variable: javascript in [APP/views/layouts/default.ctp, line 35]
2009-11-23 16:41:00 Notice: Notice (8): Undefined variable: javascript in [APP/views/layouts/default.ctp, line 35]
2009-11-23 16:41:10 Notice: Notice (8): Undefined variable: javascript in [APP/views/layouts/default.ctp, line 35]
2009-11-23 16:41:11 Notice: Notice (8): Undefined variable: javascript in [APP/views/layouts/default.ctp, line 35]
2009-11-23 16:41:18 Notice: Notice (8): Undefined variable: javascript in [APP/views/layouts/default.ctp, line 35]
2009-11-23 16:41:21 Notice: Notice (8): Undefined variable: javascript in [APP/views/layouts/default.ctp, line 35]
2009-11-23 16:41:53 Notice: Notice (8): Undefined variable: javascript in [APP/views/layouts/default.ctp, line 35]
2009-11-23 16:42:23 Notice: Notice (8): Undefined variable: javascript in [APP/views/layouts/default.ctp, line 35]
2009-11-23 16:42:25 Notice: Notice (8): Undefined variable: javascript in [APP/views/layouts/default.ctp, line 35]
2009-11-23 16:43:36 Notice: Notice (8): Undefined variable: javascript in [APP/views/layouts/default.ctp, line 35]
2009-11-23 16:43:47 Notice: Notice (8): Undefined variable: javascript in [APP/views/layouts/default.ctp, line 35]
2009-11-23 16:44:19 Notice: Notice (8): Undefined variable: javascript in [APP/views/layouts/default.ctp, line 35]
2009-11-23 16:44:21 Notice: Notice (8): Undefined variable: javascript in [APP/views/layouts/default.ctp, line 35]
2009-11-23 16:44:23 Notice: Notice (8): Undefined variable: javascript in [APP/views/layouts/default.ctp, line 35]
2009-11-23 16:44:35 Notice: Notice (8): Undefined variable: javascript in [APP/views/layouts/default.ctp, line 35]
2009-11-23 16:44:41 Notice: Notice (8): Undefined variable: javascript in [APP/views/layouts/default.ctp, line 35]
2009-11-23 16:44:52 Notice: Notice (8): Undefined variable: javascript in [APP/views/layouts/default.ctp, line 35]
2009-11-23 16:45:00 Notice: Notice (8): Undefined variable: javascript in [APP/views/layouts/default.ctp, line 35]
2009-11-23 16:45:08 Notice: Notice (8): Undefined variable: javascript in [APP/views/layouts/default.ctp, line 35]
2009-11-23 16:45:36 Notice: Notice (8): Undefined variable: javascript in [APP/views/layouts/default.ctp, line 35]
2009-11-23 16:45:46 Notice: Notice (8): Undefined variable: javascript in [APP/views/layouts/default.ctp, line 35]
2009-11-23 16:45:52 Notice: Notice (8): Undefined variable: javascript in [APP/views/layouts/default.ctp, line 35]
2009-11-23 16:46:17 Notice: Notice (8): Undefined variable: javascript in [APP/views/layouts/default.ctp, line 35]
2009-11-23 16:46:31 Notice: Notice (8): Undefined variable: javascript in [APP/views/layouts/default.ctp, line 35]
2009-11-23 16:46:48 Notice: Notice (8): Undefined variable: javascript in [APP/views/layouts/default.ctp, line 35]
2009-11-23 16:46:49 Notice: Notice (8): Undefined variable: javascript in [APP/views/layouts/default.ctp, line 35]
2009-11-23 16:47:26 Notice: Notice (8): Undefined variable: javascript in [APP/views/layouts/default.ctp, line 35]
2009-11-23 16:47:30 Notice: Notice (8): Undefined variable: javascript in [APP/views/layouts/default.ctp, line 35]
2009-11-23 16:47:39 Notice: Notice (8): Undefined variable: javascript in [APP/views/layouts/default.ctp, line 35]
2009-11-23 16:47:40 Notice: Notice (8): Undefined variable: javascript in [APP/views/layouts/default.ctp, line 35]
2009-11-23 16:47:44 Notice: Notice (8): Undefined variable: javascript in [APP/views/layouts/default.ctp, line 35]
2009-11-23 16:47:50 Notice: Notice (8): Undefined variable: javascript in [APP/views/layouts/default.ctp, line 35]
2009-11-23 16:47:55 Notice: Notice (8): Undefined variable: javascript in [APP/views/layouts/default.ctp, line 35]
2009-11-23 16:48:03 Notice: Notice (8): Undefined variable: javascript in [APP/views/layouts/default.ctp, line 35]
2009-11-23 16:48:07 Notice: Notice (8): Undefined variable: javascript in [APP/views/layouts/default.ctp, line 35]
2009-11-23 16:48:15 Notice: Notice (8): Undefined variable: javascript in [APP/views/layouts/default.ctp, line 35]
2009-11-23 16:48:32 Notice: Notice (8): Undefined variable: javascript in [APP/views/layouts/default.ctp, line 35]
2009-11-23 16:48:34 Notice: Notice (8): Undefined variable: javascript in [APP/views/layouts/default.ctp, line 35]
2009-11-23 16:48:42 Notice: Notice (8): Undefined variable: javascript in [APP/views/layouts/default.ctp, line 35]
2009-11-23 16:48:55 Notice: Notice (8): Undefined variable: javascript in [APP/views/layouts/default.ctp, line 35]
2009-11-23 16:49:22 Notice: Notice (8): Undefined variable: javascript in [APP/views/layouts/default.ctp, line 35]
2009-11-23 16:49:34 Notice: Notice (8): Undefined variable: javascript in [APP/views/layouts/default.ctp, line 35]
2009-11-23 16:49:43 Notice: Notice (8): Undefined variable: javascript in [APP/views/layouts/default.ctp, line 35]
2009-11-23 16:49:46 Notice: Notice (8): Undefined variable: javascript in [APP/views/layouts/default.ctp, line 35]
2009-11-23 16:50:43 Notice: Notice (8): Undefined variable: javascript in [APP/views/layouts/default.ctp, line 35]
2009-11-23 16:51:21 Notice: Notice (8): Undefined variable: javascript in [APP/views/layouts/default.ctp, line 35]
2009-11-23 16:51:25 Notice: Notice (8): Undefined variable: javascript in [APP/views/layouts/default.ctp, line 35]
2009-11-23 16:51:27 Notice: Notice (8): Undefined variable: javascript in [APP/views/layouts/default.ctp, line 35]
2009-11-23 16:51:31 Notice: Notice (8): Undefined variable: javascript in [APP/views/layouts/default.ctp, line 35]
2009-11-23 16:51:38 Notice: Notice (8): Undefined variable: javascript in [APP/views/layouts/default.ctp, line 35]
2009-11-23 16:52:15 Notice: Notice (8): Undefined variable: javascript in [APP/views/layouts/default.ctp, line 35]
2009-11-23 16:53:10 Notice: Notice (8): Undefined variable: javascript in [APP/views/layouts/default.ctp, line 35]
2009-11-23 16:53:43 Notice: Notice (8): Undefined variable: javascript in [APP/views/layouts/default.ctp, line 35]
2009-11-23 16:55:52 Notice: Notice (8): Undefined variable: javascript in [APP/views/layouts/default.ctp, line 35]
2009-11-23 16:56:08 Notice: Notice (8): Undefined variable: javascript in [APP/views/layouts/default.ctp, line 35]
2009-11-23 16:56:13 Notice: Notice (8): Undefined variable: url in [APP/controllers/tinyurls_controller.php, line 245]
2009-11-23 16:56:14 Notice: Notice (8): Undefined variable: javascript in [APP/views/layouts/default.ctp, line 35]
2009-11-23 16:56:37 Notice: Notice (8): Undefined index:  BunchUrls in [APP/controllers/tinyurls_controller.php, line 245]
2009-11-23 16:56:38 Notice: Notice (8): Undefined variable: javascript in [APP/views/layouts/default.ctp, line 35]
2009-11-23 16:56:53 Notice: Notice (8): Undefined index:  BunchUrls in [APP/controllers/tinyurls_controller.php, line 246]
2009-11-23 16:56:54 Notice: Notice (8): Undefined variable: javascript in [APP/views/layouts/default.ctp, line 35]
2009-11-23 16:57:05 Notice: Notice (8): Undefined index:  url in [APP/controllers/tinyurls_controller.php, line 245]
2009-11-23 16:57:05 Notice: Notice (8): Undefined variable: javascript in [APP/views/layouts/default.ctp, line 35]
2009-11-23 16:57:15 Notice: Notice (8): Undefined index:  url in [APP/controllers/tinyurls_controller.php, line 246]
2009-11-23 16:57:15 Notice: Notice (8): Undefined variable: javascript in [APP/views/layouts/default.ctp, line 35]
2009-11-23 16:57:31 Notice: Notice (8): Undefined variable: javascript in [APP/views/layouts/default.ctp, line 35]
2009-11-23 16:57:33 Notice: Notice (8): Undefined variable: javascript in [APP/views/layouts/default.ctp, line 35]
2009-11-23 16:57:49 Notice: Notice (8): Undefined variable: javascript in [APP/views/layouts/default.ctp, line 35]
2009-11-23 16:57:59 Notice: Notice (8): Undefined variable: javascript in [APP/views/layouts/default.ctp, line 35]
2009-11-23 16:57:59 Notice: Notice (8): Undefined variable: javascript in [APP/views/layouts/default.ctp, line 35]
2009-11-23 16:58:08 Notice: Notice (8): Undefined variable: javascript in [APP/views/layouts/default.ctp, line 35]
2009-11-23 16:58:27 Notice: Notice (8): Undefined variable: javascript in [APP/views/layouts/default.ctp, line 35]
2009-11-23 16:58:32 Notice: Notice (8): Undefined variable: javascript in [APP/views/layouts/default.ctp, line 35]
2009-11-23 16:58:35 Notice: Notice (8): Undefined variable: javascript in [APP/views/layouts/default.ctp, line 35]
2009-11-23 16:58:46 Notice: Notice (8): Undefined variable: javascript in [APP/views/layouts/default.ctp, line 35]
2009-11-23 16:58:47 Notice: Notice (8): Undefined variable: javascript in [APP/views/layouts/default.ctp, line 35]
2009-11-23 16:58:48 Notice: Notice (8): Undefined variable: javascript in [APP/views/layouts/default.ctp, line 35]
2009-11-23 16:58:49 Notice: Notice (8): Undefined variable: javascript in [APP/views/layouts/default.ctp, line 35]
2009-11-23 16:58:50 Notice: Notice (8): Undefined variable: javascript in [APP/views/layouts/default.ctp, line 35]
2009-11-23 16:59:28 Notice: Notice (8): Undefined variable: javascript in [APP/views/layouts/default.ctp, line 35]
2009-11-23 16:59:38 Notice: Notice (8): Undefined variable: javascript in [APP/views/layouts/default.ctp, line 35]
2009-11-23 16:59:51 Notice: Notice (8): Undefined variable: javascript in [APP/views/layouts/default.ctp, line 35]
2009-11-23 17:00:10 Notice: Notice (8): Undefined variable: javascript in [APP/views/layouts/default.ctp, line 35]
2009-11-23 17:00:15 Notice: Notice (8): Undefined variable: javascript in [APP/views/layouts/default.ctp, line 35]
2009-11-23 17:00:24 Notice: Notice (8): Undefined variable: javascript in [APP/views/layouts/default.ctp, line 35]
2009-11-23 17:01:07 Notice: Notice (8): Undefined variable: javascript in [APP/views/layouts/default.ctp, line 35]
2009-11-23 17:01:09 Notice: Notice (8): Undefined variable: javascript in [APP/views/layouts/default.ctp, line 35]
2009-11-23 17:01:21 Notice: Notice (8): Undefined variable: javascript in [APP/views/layouts/default.ctp, line 35]
2009-11-23 17:01:52 Notice: Notice (8): Undefined variable: javascript in [APP/views/layouts/default.ctp, line 35]
2009-11-23 17:01:53 Notice: Notice (8): Undefined variable: javascript in [APP/views/layouts/default.ctp, line 35]
2009-11-23 17:01:57 Notice: Notice (8): Undefined variable: javascript in [APP/views/layouts/default.ctp, line 35]
2009-11-23 17:01:58 Notice: Notice (8): Undefined variable: javascript in [APP/views/layouts/default.ctp, line 35]
2009-11-23 17:02:00 Notice: Notice (8): Undefined variable: javascript in [APP/views/layouts/default.ctp, line 35]
2009-11-23 17:02:56 Notice: Notice (8): Undefined variable: javascript in [APP/views/layouts/default.ctp, line 35]
2009-11-23 17:02:58 Notice: Notice (8): Undefined variable: javascript in [APP/views/layouts/default.ctp, line 35]
2009-11-23 17:03:33 Notice: Notice (8): Undefined variable: javascript in [APP/views/layouts/default.ctp, line 35]
2009-11-23 17:03:35 Notice: Notice (8): Undefined variable: javascript in [APP/views/layouts/default.ctp, line 35]
2009-11-23 17:04:37 Notice: Notice (8): Undefined variable: javascript in [APP/views/layouts/default.ctp, line 35]
2009-11-23 17:04:46 Notice: Notice (8): Undefined variable: javascript in [APP/views/layouts/default.ctp, line 35]
2009-11-23 17:04:49 Notice: Notice (8): Undefined variable: javascript in [APP/views/layouts/default.ctp, line 35]
2009-11-23 17:04:54 Notice: Notice (8): Undefined variable: javascript in [APP/views/layouts/default.ctp, line 35]
2009-11-23 17:04:58 Notice: Notice (8): Undefined variable: javascript in [APP/views/layouts/default.ctp, line 35]
2009-11-23 17:05:22 Notice: Notice (8): Undefined variable: javascript in [APP/views/layouts/default.ctp, line 35]
2009-11-23 17:05:59 Notice: Notice (8): Undefined variable: javascript in [APP/views/layouts/default.ctp, line 35]
2009-11-23 17:06:17 Notice: Notice (8): Undefined variable: javascript in [APP/views/layouts/default.ctp, line 35]
2009-11-23 17:07:11 Notice: Notice (8): Undefined variable: javascript in [APP/views/layouts/default.ctp, line 35]
2009-11-23 17:07:13 Notice: Notice (8): Undefined variable: javascript in [APP/views/layouts/default.ctp, line 35]
2009-11-23 17:07:36 Notice: Notice (8): Undefined variable: javascript in [APP/views/layouts/default.ctp, line 35]
2009-11-23 17:07:54 Notice: Notice (8): Undefined variable: javascript in [APP/views/layouts/default.ctp, line 35]
2009-11-23 17:08:00 Notice: Notice (8): Undefined variable: javascript in [APP/views/layouts/default.ctp, line 35]
2009-11-23 17:08:41 Notice: Notice (8): Undefined variable: javascript in [APP/views/layouts/default.ctp, line 35]
2009-11-23 17:09:35 Notice: Notice (8): Undefined variable: javascript in [APP/views/layouts/default.ctp, line 35]
2009-11-23 17:09:46 Notice: Notice (8): Undefined variable: javascript in [APP/views/layouts/default.ctp, line 35]
2009-11-23 17:10:37 Notice: Notice (8): Undefined variable: javascript in [APP/views/layouts/default.ctp, line 35]
2009-11-23 17:12:23 Notice: Notice (8): Undefined variable: javascript in [APP/views/layouts/default.ctp, line 35]
2009-11-23 17:14:13 Notice: Notice (8): Undefined variable: javascript in [APP/views/layouts/default.ctp, line 35]
2009-11-23 17:14:22 Notice: Notice (8): Undefined variable: javascript in [APP/views/layouts/default.ctp, line 35]
2009-11-23 17:16:29 Notice: Notice (8): Undefined variable: javascript in [APP/views/layouts/default.ctp, line 35]
2009-11-23 17:18:11 Notice: Notice (8): Undefined variable: javascript in [APP/views/layouts/default.ctp, line 35]
2009-11-23 17:18:13 Notice: Notice (8): Undefined variable: javascript in [APP/views/layouts/default.ctp, line 35]
2009-11-23 17:19:38 Notice: Notice (8): Undefined variable: javascript in [APP/views/layouts/default.ctp, line 35]
2009-11-23 17:20:23 Notice: Notice (8): Undefined variable: javascript in [APP/views/layouts/default.ctp, line 35]
2009-11-23 17:21:07 Notice: Notice (8): Undefined variable: javascript in [APP/views/layouts/default.ctp, line 35]
2009-11-23 17:22:10 Notice: Notice (8): Undefined variable: javascript in [APP/views/layouts/default.ctp, line 35]
2009-11-23 17:22:46 Notice: Notice (8): Undefined variable: javascript in [APP/views/layouts/default.ctp, line 35]
2009-11-23 17:22:46 Notice: Notice (8): Undefined variable: javascript in [APP/views/layouts/default.ctp, line 35]
2009-11-23 17:22:52 Notice: Notice (8): Undefined variable: javascript in [APP/views/layouts/default.ctp, line 35]
2009-11-23 17:23:14 Notice: Notice (8): Undefined variable: javascript in [APP/views/layouts/default.ctp, line 35]
2009-11-23 17:23:15 Notice: Notice (8): Undefined variable: alias in [APP/controllers/bunches_controller.php, line 30]
2009-11-23 17:23:15 Notice: Notice (8): Undefined offset:  0 in [APP/views/bunches/index.ctp, line 4]
2009-11-23 17:23:36 Notice: Notice (8): Undefined variable: javascript in [APP/views/layouts/default.ctp, line 35]
2009-11-23 17:23:39 Notice: Notice (8): Undefined variable: javascript in [APP/views/layouts/default.ctp, line 35]
2009-11-23 17:23:58 Notice: Notice (8): Undefined variable: javascript in [APP/views/layouts/default.ctp, line 35]
2009-11-23 17:24:15 Notice: Notice (8): Undefined variable: javascript in [APP/views/layouts/default.ctp, line 35]
2009-11-23 17:24:22 Notice: Notice (8): Undefined variable: javascript in [APP/views/layouts/default.ctp, line 35]
2009-11-23 17:24:26 Notice: Notice (8): Undefined variable: javascript in [APP/views/layouts/default.ctp, line 35]
2009-11-23 17:24:46 Notice: Notice (8): Undefined variable: javascript in [APP/views/layouts/default.ctp, line 35]
2009-11-23 17:24:59 Notice: Notice (8): Undefined variable: javascript in [APP/views/layouts/default.ctp, line 35]
2009-11-23 17:25:14 Notice: Notice (8): Undefined variable: javascript in [APP/views/layouts/default.ctp, line 35]
2009-11-23 17:26:46 Notice: Notice (8): Undefined variable: javascript in [APP/views/layouts/default.ctp, line 35]
2009-11-23 17:26:51 Notice: Notice (8): Undefined variable: javascript in [APP/views/layouts/default.ctp, line 35]
2009-11-23 17:27:11 Notice: Notice (8): Undefined variable: javascript in [APP/views/layouts/default.ctp, line 35]
2009-11-23 17:27:22 Notice: Notice (8): Undefined variable: javascript in [APP/views/layouts/default.ctp, line 35]
2009-11-23 17:27:30 Notice: Notice (8): Undefined variable: javascript in [APP/views/layouts/default.ctp, line 35]
2009-11-23 17:27:51 Notice: Notice (8): Undefined variable: javascript in [APP/views/layouts/default.ctp, line 35]
2009-11-23 17:27:56 Notice: Notice (8): Undefined variable: javascript in [APP/views/layouts/default.ctp, line 35]
2009-11-23 17:28:04 Notice: Notice (8): Undefined variable: javascript in [APP/views/layouts/default.ctp, line 35]
2009-11-23 17:28:11 Notice: Notice (8): Undefined variable: javascript in [APP/views/layouts/default.ctp, line 35]
2009-11-23 17:29:21 Notice: Notice (8): Undefined variable: javascript in [APP/views/layouts/default.ctp, line 35]
2009-11-23 17:29:23 Notice: Notice (8): Undefined variable: javascript in [APP/views/layouts/default.ctp, line 35]
2009-11-23 17:30:50 Notice: Notice (8): Undefined variable: javascript in [APP/views/layouts/default.ctp, line 35]
2009-11-23 17:30:52 Notice: Notice (8): Undefined variable: javascript in [APP/views/layouts/default.ctp, line 35]
2009-11-23 17:30:55 Notice: Notice (8): Undefined variable: javascript in [APP/views/layouts/default.ctp, line 35]
2009-11-23 17:34:12 Notice: Notice (8): Undefined variable: javascript in [APP/views/layouts/default.ctp, line 35]
2009-11-23 17:34:27 Notice: Notice (8): Undefined variable: alias in [APP/views/tinyurls/dashboard.ctp, line 14]
2009-11-23 17:34:27 Notice: Notice (8): Undefined variable: alias in [APP/views/tinyurls/dashboard.ctp, line 15]
2009-11-23 17:34:28 Notice: Notice (8): Undefined variable: javascript in [APP/views/layouts/default.ctp, line 35]
2009-11-23 17:34:41 Notice: Notice (8): Undefined variable: javascript in [APP/views/layouts/default.ctp, line 35]
2009-11-23 17:39:16 Notice: Notice (8): Undefined variable: javascript in [APP/views/layouts/default.ctp, line 35]
2009-11-23 17:39:43 Notice: Notice (8): Undefined variable: javascript in [APP/views/layouts/default.ctp, line 35]
2009-11-23 17:39:51 Notice: Notice (8): Undefined variable: javascript in [APP/views/layouts/default.ctp, line 35]
2009-11-23 17:40:39 Notice: Notice (8): Undefined variable: javascript in [APP/views/layouts/default.ctp, line 35]
2009-11-23 17:41:00 Notice: Notice (8): Undefined variable: javascript in [APP/views/layouts/default.ctp, line 35]
2009-11-23 17:41:08 Notice: Notice (8): Undefined variable: javascript in [APP/views/layouts/default.ctp, line 35]
2009-11-23 17:41:09 Notice: Notice (8): Undefined variable: javascript in [APP/views/layouts/default.ctp, line 35]
2009-11-23 17:41:16 Notice: Notice (8): Undefined variable: javascript in [APP/views/layouts/default.ctp, line 35]
2009-11-23 17:41:51 Notice: Notice (8): Undefined variable: javascript in [APP/views/layouts/default.ctp, line 35]
2009-11-23 17:42:24 Notice: Notice (8): Undefined variable: javascript in [APP/views/layouts/default.ctp, line 35]
2009-11-23 17:42:38 Notice: Notice (8): Undefined variable: javascript in [APP/views/layouts/default.ctp, line 35]
2009-11-23 17:42:42 Notice: Notice (8): Undefined variable: javascript in [APP/views/layouts/default.ctp, line 35]
2009-11-23 17:43:17 Notice: Notice (8): Undefined variable: javascript in [APP/views/layouts/default.ctp, line 35]
2009-11-23 17:44:03 Notice: Notice (8): Undefined variable: javascript in [APP/views/layouts/default.ctp, line 35]
2009-11-23 17:44:12 Notice: Notice (8): Undefined variable: javascript in [APP/views/layouts/default.ctp, line 35]
2009-11-23 17:44:31 Notice: Notice (8): Undefined variable: javascript in [APP/views/layouts/default.ctp, line 35]
2009-11-23 17:44:38 Notice: Notice (8): Undefined variable: javascript in [APP/views/layouts/default.ctp, line 35]
2009-11-23 17:44:51 Notice: Notice (8): Undefined variable: javascript in [APP/views/layouts/default.ctp, line 35]
2009-11-23 17:45:01 Notice: Notice (8): Undefined variable: javascript in [APP/views/layouts/default.ctp, line 35]
2009-11-23 17:45:03 Notice: Notice (8): Undefined variable: javascript in [APP/views/layouts/default.ctp, line 35]
2009-11-23 17:45:05 Notice: Notice (8): Undefined variable: javascript in [APP/views/layouts/default.ctp, line 35]
2009-11-23 17:45:17 Notice: Notice (8): Undefined variable: alias in [APP/views/tinyurls/bookmarklet.ctp, line 1]
2009-11-23 17:45:17 Notice: Notice (8): Undefined variable: javascript in [APP/views/layouts/default.ctp, line 35]
2009-11-23 17:45:50 Notice: Notice (8): Undefined variable: javascript in [APP/views/layouts/default.ctp, line 35]
2009-11-23 17:45:56 Notice: Notice (8): Undefined variable: alias in [APP/views/tinyurls/bookmarklet.ctp, line 1]
2009-11-23 17:45:56 Notice: Notice (8): Undefined variable: javascript in [APP/views/layouts/default.ctp, line 35]
2009-11-23 17:46:02 Notice: Notice (8): Undefined variable: javascript in [APP/views/layouts/default.ctp, line 35]
2009-11-23 17:46:20 Notice: Notice (8): Undefined variable: alias in [APP/views/tinyurls/bookmarklet.ctp, line 1]
2009-11-23 17:46:21 Notice: Notice (8): Undefined variable: javascript in [APP/views/layouts/default.ctp, line 35]
2009-11-23 17:46:23 Notice: Notice (8): Undefined variable: javascript in [APP/views/layouts/default.ctp, line 35]
2009-11-23 17:46:37 Notice: Notice (8): Undefined variable: javascript in [APP/views/layouts/default.ctp, line 35]
2009-11-23 17:46:48 Notice: Notice (8): Undefined variable: javascript in [APP/views/layouts/default.ctp, line 35]
2009-11-23 17:46:48 Notice: Notice (8): Undefined variable: alias in [APP/views/tinyurls/bookmarklet.ctp, line 1]
2009-11-23 17:46:49 Notice: Notice (8): Undefined variable: javascript in [APP/views/layouts/default.ctp, line 35]
2009-11-23 17:46:56 Notice: Notice (8): Undefined variable: javascript in [APP/views/layouts/default.ctp, line 35]
2009-11-23 17:47:06 Notice: Notice (8): Undefined variable: alias in [APP/views/tinyurls/bookmarklet.ctp, line 1]
2009-11-23 17:47:06 Notice: Notice (8): Undefined variable: javascript in [APP/views/layouts/default.ctp, line 35]
2009-11-23 17:47:21 Notice: Notice (8): Undefined variable: alias in [APP/views/tinyurls/bookmarklet.ctp, line 1]
2009-11-23 17:47:22 Notice: Notice (8): Undefined variable: javascript in [APP/views/layouts/default.ctp, line 35]
2009-11-23 17:47:45 Notice: Notice (8): Undefined variable: alias in [APP/views/tinyurls/bookmarklet.ctp, line 1]
2009-11-23 17:47:45 Notice: Notice (8): Undefined variable: javascript in [APP/views/layouts/default.ctp, line 35]
2009-11-23 17:48:12 Notice: Notice (8): Undefined variable: javascript in [APP/views/layouts/default.ctp, line 35]
2009-11-23 17:48:29 Notice: Notice (8): Undefined variable: alias in [APP/views/tinyurls/bookmarklet.ctp, line 1]
2009-11-23 17:48:30 Notice: Notice (8): Undefined variable: javascript in [APP/views/layouts/default.ctp, line 35]
2009-11-23 17:48:36 Notice: Notice (8): Undefined variable: alias in [APP/views/tinyurls/bookmarklet.ctp, line 1]
2009-11-23 17:48:37 Notice: Notice (8): Undefined variable: javascript in [APP/views/layouts/default.ctp, line 35]
2009-11-23 17:48:41 Notice: Notice (8): Undefined variable: url in [APP/controllers/tinyurls_controller.php, line 12]
2009-11-23 17:48:41 Notice: Notice (8): Undefined variable: alias in [APP/views/tinyurls/bookmarklet.ctp, line 1]
2009-11-23 17:48:41 Notice: Notice (8): Undefined variable: javascript in [APP/views/layouts/default.ctp, line 35]
2009-11-23 17:48:47 Notice: Notice (8): Undefined variable: alias in [APP/views/tinyurls/bookmarklet.ctp, line 1]
2009-11-23 17:48:47 Notice: Notice (8): Undefined variable: javascript in [APP/views/layouts/default.ctp, line 35]
2009-11-23 17:48:58 Notice: Notice (8): Undefined variable: alias in [APP/views/tinyurls/bookmarklet.ctp, line 1]
2009-11-23 17:48:58 Notice: Notice (8): Undefined variable: javascript in [APP/views/layouts/default.ctp, line 35]
2009-11-23 17:49:20 Notice: Notice (8): Undefined variable: javascript in [APP/views/layouts/default.ctp, line 35]
2009-11-23 17:49:33 Notice: Notice (8): Undefined variable: javascript in [APP/views/layouts/default.ctp, line 35]
2009-11-23 17:49:36 Notice: Notice (8): Undefined variable: javascript in [APP/views/layouts/default.ctp, line 35]
2009-11-23 17:50:17 Notice: Notice (8): Undefined variable: javascript in [APP/views/layouts/default.ctp, line 35]
2009-11-23 17:50:32 Notice: Notice (8): Undefined variable: javascript in [APP/views/layouts/default.ctp, line 35]
2009-11-23 17:50:54 Notice: Notice (8): Undefined variable: javascript in [APP/views/layouts/default.ctp, line 35]
2009-11-23 17:51:16 Notice: Notice (8): Undefined variable: javascript in [APP/views/layouts/default.ctp, line 35]
2009-11-23 17:51:44 Notice: Notice (8): Undefined variable: javascript in [APP/views/layouts/default.ctp, line 35]
2009-11-23 17:51:47 Notice: Notice (8): Undefined variable: javascript in [APP/views/layouts/default.ctp, line 35]
2009-11-23 17:52:15 Notice: Notice (8): Undefined variable: javascript in [APP/views/layouts/default.ctp, line 35]
2009-11-23 17:52:36 Notice: Notice (8): Undefined variable: javascript in [APP/views/layouts/default.ctp, line 35]
2009-11-23 17:53:31 Notice: Notice (8): Undefined variable: alias in [APP/views/tinyurls/bookmarklet.ctp, line 2]
2009-11-23 17:53:31 Notice: Notice (8): Undefined variable: alias in [APP/views/tinyurls/bookmarklet.ctp, line 3]
2009-11-23 17:53:32 Notice: Notice (8): Undefined variable: javascript in [APP/views/layouts/default.ctp, line 35]
2009-11-23 17:54:01 Notice: Notice (8): Undefined variable: alias in [APP/views/tinyurls/bookmarklet.ctp, line 2]
2009-11-23 17:54:01 Notice: Notice (8): Undefined variable: alias in [APP/views/tinyurls/bookmarklet.ctp, line 3]
2009-11-23 17:54:01 Notice: Notice (8): Undefined variable: javascript in [APP/views/layouts/default.ctp, line 35]
2009-11-23 17:54:14 Notice: Notice (8): Undefined variable: alias in [APP/views/tinyurls/bookmarklet.ctp, line 2]
2009-11-23 17:54:14 Notice: Notice (8): Undefined variable: alias in [APP/views/tinyurls/bookmarklet.ctp, line 3]
2009-11-23 17:54:14 Notice: Notice (8): Undefined variable: javascript in [APP/views/layouts/default.ctp, line 35]
2009-11-23 17:54:40 Notice: Notice (8): Undefined variable: javascript in [APP/views/layouts/default.ctp, line 35]
2009-11-23 17:54:57 Notice: Notice (8): Undefined variable: javascript in [APP/views/layouts/default.ctp, line 35]
2009-11-23 17:55:14 Notice: Notice (8): Undefined variable: javascript in [APP/views/layouts/default.ctp, line 35]
2009-11-23 17:55:20 Notice: Notice (8): Undefined variable: javascript in [APP/views/layouts/default.ctp, line 35]
2009-11-23 17:55:30 Notice: Notice (8): Undefined variable: alias in [APP/views/tinyurls/bookmarklet.ctp, line 2]
2009-11-23 17:55:30 Notice: Notice (8): Undefined variable: alias in [APP/views/tinyurls/bookmarklet.ctp, line 3]
2009-11-23 17:55:30 Notice: Notice (8): Undefined variable: javascript in [APP/views/layouts/default.ctp, line 35]
2009-11-23 17:56:00 Notice: Notice (8): Undefined variable: javascript in [APP/views/layouts/default.ctp, line 35]
2009-11-23 17:56:06 Notice: Notice (8): Undefined variable: javascript in [APP/views/layouts/default.ctp, line 35]
2009-11-23 17:56:23 Notice: Notice (8): Undefined variable: javascript in [APP/views/layouts/default.ctp, line 35]
2009-11-23 17:56:41 Notice: Notice (8): Undefined variable: javascript in [APP/views/layouts/default.ctp, line 35]
2009-11-23 17:57:25 Notice: Notice (8): Undefined variable: javascript in [APP/views/layouts/default.ctp, line 35]
2009-11-23 17:58:33 Notice: Notice (8): Undefined variable: url in [APP/controllers/tinyurls_controller.php, line 12]
2009-11-23 17:58:33 Notice: Notice (8): Undefined variable: alias in [APP/views/tinyurls/bookmarklet.ctp, line 2]
2009-11-23 17:58:33 Notice: Notice (8): Undefined variable: alias in [APP/views/tinyurls/bookmarklet.ctp, line 3]
2009-11-23 17:58:33 Notice: Notice (8): Undefined variable: javascript in [APP/views/layouts/default.ctp, line 35]
2009-11-23 17:58:49 Notice: Notice (8): Undefined variable: alias in [APP/views/tinyurls/bookmarklet.ctp, line 2]
2009-11-23 17:58:49 Notice: Notice (8): Undefined variable: alias in [APP/views/tinyurls/bookmarklet.ctp, line 3]
2009-11-23 17:58:49 Notice: Notice (8): Undefined variable: javascript in [APP/views/layouts/default.ctp, line 35]
2009-11-23 17:58:57 Notice: Notice (8): Undefined variable: javascript in [APP/views/layouts/default.ctp, line 35]
2009-11-23 17:59:13 Notice: Notice (8): Undefined variable: javascript in [APP/views/layouts/default.ctp, line 35]
2009-11-23 17:59:31 Notice: Notice (8): Undefined variable: javascript in [APP/views/layouts/default.ctp, line 35]
2009-11-23 17:59:36 Notice: Notice (8): Undefined variable: javascript in [APP/views/layouts/default.ctp, line 35]
2009-11-23 17:59:46 Notice: Notice (8): Undefined variable: javascript in [APP/views/layouts/default.ctp, line 35]
2009-11-23 17:59:51 Notice: Notice (8): Undefined variable: javascript in [APP/views/layouts/default.ctp, line 35]
2009-11-23 18:00:49 Notice: Notice (8): Undefined variable: alias in [APP/views/tinyurls/bookmarklet.ctp, line 2]
2009-11-23 18:00:49 Notice: Notice (8): Undefined variable: alias in [APP/views/tinyurls/bookmarklet.ctp, line 3]
2009-11-23 18:00:50 Notice: Notice (8): Undefined variable: javascript in [APP/views/layouts/default.ctp, line 35]
2009-11-23 18:01:07 Notice: Notice (8): Undefined variable: alias in [APP/views/tinyurls/bookmarklet.ctp, line 2]
2009-11-23 18:01:07 Notice: Notice (8): Undefined variable: alias in [APP/views/tinyurls/bookmarklet.ctp, line 3]
2009-11-23 18:01:07 Notice: Notice (8): Undefined variable: javascript in [APP/views/layouts/default.ctp, line 35]
2009-11-23 18:01:23 Notice: Notice (8): Undefined variable: javascript in [APP/views/layouts/default.ctp, line 35]
2009-11-23 18:01:31 Notice: Notice (8): Undefined variable: javascript in [APP/views/layouts/default.ctp, line 35]
2009-11-23 18:01:42 Notice: Notice (8): Undefined variable: javascript in [APP/views/layouts/default.ctp, line 35]
2009-11-23 18:01:43 Notice: Notice (8): Undefined variable: javascript in [APP/views/layouts/default.ctp, line 35]
2009-11-23 18:01:45 Notice: Notice (8): Undefined variable: alias in [APP/views/tinyurls/bookmarklet.ctp, line 2]
2009-11-23 18:01:45 Notice: Notice (8): Undefined variable: alias in [APP/views/tinyurls/bookmarklet.ctp, line 3]
2009-11-23 18:01:45 Notice: Notice (8): Undefined variable: javascript in [APP/views/layouts/default.ctp, line 35]
2009-11-23 18:01:46 Notice: Notice (8): Undefined variable: javascript in [APP/views/layouts/default.ctp, line 35]
2009-11-23 18:01:50 Notice: Notice (8): Undefined variable: javascript in [APP/views/layouts/default.ctp, line 35]
2009-11-23 18:01:54 Notice: Notice (8): Undefined variable: alias in [APP/views/tinyurls/bookmarklet.ctp, line 2]
2009-11-23 18:01:54 Notice: Notice (8): Undefined variable: alias in [APP/views/tinyurls/bookmarklet.ctp, line 3]
2009-11-23 18:01:54 Notice: Notice (8): Undefined variable: javascript in [APP/views/layouts/default.ctp, line 35]
2009-11-23 18:02:03 Notice: Notice (8): Undefined variable: javascript in [APP/views/layouts/default.ctp, line 35]
2009-11-23 18:02:15 Notice: Notice (8): Undefined variable: javascript in [APP/views/layouts/default.ctp, line 35]
2009-11-23 18:02:19 Notice: Notice (8): Undefined variable: alias in [APP/views/tinyurls/bookmarklet.ctp, line 2]
2009-11-23 18:02:19 Notice: Notice (8): Undefined variable: alias in [APP/views/tinyurls/bookmarklet.ctp, line 3]
2009-11-23 18:02:20 Notice: Notice (8): Undefined variable: javascript in [APP/views/layouts/default.ctp, line 35]
2009-11-23 18:02:23 Notice: Notice (8): Undefined variable: javascript in [APP/views/layouts/default.ctp, line 35]
2009-11-23 18:02:28 Notice: Notice (8): Undefined variable: alias in [APP/views/tinyurls/bookmarklet.ctp, line 2]
2009-11-23 18:02:28 Notice: Notice (8): Undefined variable: alias in [APP/views/tinyurls/bookmarklet.ctp, line 3]
2009-11-23 18:02:28 Notice: Notice (8): Undefined variable: javascript in [APP/views/layouts/default.ctp, line 35]
2009-11-23 18:02:29 Notice: Notice (8): Undefined variable: javascript in [APP/views/layouts/default.ctp, line 35]
2009-11-23 18:02:33 Notice: Notice (8): Undefined variable: javascript in [APP/views/layouts/default.ctp, line 35]
2009-11-23 18:02:38 Notice: Notice (8): Undefined variable: javascript in [APP/views/layouts/default.ctp, line 35]
2009-11-23 18:02:43 Notice: Notice (8): Undefined variable: javascript in [APP/views/layouts/default.ctp, line 35]
2009-11-23 18:02:54 Notice: Notice (8): Undefined variable: javascript in [APP/views/layouts/default.ctp, line 35]
2009-11-23 18:02:59 Notice: Notice (8): Undefined variable: javascript in [APP/views/layouts/default.ctp, line 35]
2009-11-23 18:03:15 Notice: Notice (8): Undefined variable: javascript in [APP/views/layouts/default.ctp, line 35]
2009-11-23 18:03:20 Notice: Notice (8): Undefined variable: javascript in [APP/views/layouts/default.ctp, line 35]
2009-11-23 18:03:30 Notice: Notice (8): Undefined variable: javascript in [APP/views/layouts/default.ctp, line 35]
2009-11-23 18:03:32 Notice: Notice (8): Undefined variable: javascript in [APP/views/layouts/default.ctp, line 35]
2009-11-23 18:03:45 Notice: Notice (8): Undefined variable: javascript in [APP/views/layouts/default.ctp, line 35]
2009-11-23 18:04:19 Notice: Notice (8): Undefined variable: javascript in [APP/views/layouts/default.ctp, line 35]
2009-11-23 18:04:34 Notice: Notice (8): Undefined variable: javascript in [APP/views/layouts/default.ctp, line 35]
2009-11-23 18:06:53 Notice: Notice (8): Undefined variable: javascript in [APP/views/layouts/default.ctp, line 35]
2009-11-23 18:07:10 Notice: Notice (8): Undefined variable: javascript in [APP/views/layouts/default.ctp, line 35]
2009-11-23 18:09:13 Notice: Notice (8): Undefined variable: javascript in [APP/views/layouts/default.ctp, line 35]
2009-11-23 18:10:15 Notice: Notice (8): Undefined variable: javascript in [APP/views/layouts/default.ctp, line 35]
2009-11-23 18:10:26 Notice: Notice (8): Undefined variable: javascript in [APP/views/layouts/default.ctp, line 35]
2009-11-23 18:10:48 Notice: Notice (8): Undefined variable: javascript in [APP/views/layouts/default.ctp, line 35]
2009-11-23 18:11:13 Notice: Notice (8): Undefined variable: javascript in [APP/views/layouts/default.ctp, line 35]
2009-11-23 18:11:35 Notice: Notice (8): Undefined variable: javascript in [APP/views/layouts/default.ctp, line 35]
2009-11-23 18:11:40 Notice: Notice (8): Undefined variable: javascript in [APP/views/layouts/default.ctp, line 35]
2009-11-23 18:12:08 Notice: Notice (8): Undefined variable: javascript in [APP/views/layouts/default.ctp, line 35]
2009-11-23 18:12:59 Notice: Notice (8): Undefined variable: javascript in [APP/views/layouts/default.ctp, line 35]
2009-11-23 18:13:05 Notice: Notice (8): Undefined variable: javascript in [APP/views/layouts/default.ctp, line 35]
2009-11-23 18:13:24 Notice: Notice (8): Undefined variable: javascript in [APP/views/layouts/default.ctp, line 35]
2009-11-23 18:13:42 Notice: Notice (8): Undefined variable: javascript in [APP/views/layouts/default.ctp, line 35]
2009-11-23 18:13:58 Notice: Notice (8): Undefined variable: javascript in [APP/views/layouts/default.ctp, line 35]
2009-11-23 18:14:08 Notice: Notice (8): Undefined variable: javascript in [APP/views/layouts/default.ctp, line 35]
2009-11-23 18:14:47 Notice: Notice (8): Undefined variable: javascript in [APP/views/layouts/default.ctp, line 35]
2009-11-23 18:14:55 Notice: Notice (8): Undefined variable: javascript in [APP/views/layouts/default.ctp, line 35]
2009-11-23 18:15:00 Notice: Notice (8): Undefined variable: javascript in [APP/views/layouts/default.ctp, line 35]
2009-11-23 18:15:02 Notice: Notice (8): Undefined variable: javascript in [APP/views/layouts/default.ctp, line 35]
2009-11-23 18:15:02 Notice: Notice (8): Undefined variable: javascript in [APP/views/layouts/default.ctp, line 35]
2009-11-23 18:15:04 Notice: Notice (8): Undefined variable: javascript in [APP/views/layouts/default.ctp, line 35]
2009-11-23 18:15:08 Notice: Notice (8): Undefined variable: javascript in [APP/views/layouts/default.ctp, line 35]
2009-11-23 18:16:11 Notice: Notice (8): Undefined variable: javascript in [APP/views/layouts/default.ctp, line 35]
2009-11-23 18:16:52 Notice: Notice (8): Undefined variable: javascript in [APP/views/layouts/default.ctp, line 35]
2009-11-23 18:17:06 Notice: Notice (8): Undefined variable: javascript in [APP/views/layouts/default.ctp, line 35]
2009-11-23 18:17:12 Notice: Notice (8): Undefined variable: javascript in [APP/views/layouts/default.ctp, line 35]
2009-11-23 18:17:13 Notice: Notice (8): Undefined variable: javascript in [APP/views/layouts/default.ctp, line 35]
2009-11-23 18:17:23 Notice: Notice (8): Undefined variable: javascript in [APP/views/layouts/default.ctp, line 35]
2009-11-23 18:17:34 Notice: Notice (8): Undefined variable: javascript in [APP/views/layouts/default.ctp, line 35]
2009-11-23 18:17:38 Notice: Notice (8): Undefined variable: javascript in [APP/views/layouts/default.ctp, line 35]
2009-11-23 18:17:41 Notice: Notice (8): Undefined variable: javascript in [APP/views/layouts/default.ctp, line 35]
2009-11-23 18:17:46 Notice: Notice (8): Undefined variable: javascript in [APP/views/layouts/default.ctp, line 35]
2009-11-23 18:17:48 Notice: Notice (8): Undefined variable: javascript in [APP/views/layouts/default.ctp, line 35]
2009-11-23 18:17:50 Notice: Notice (8): Undefined variable: javascript in [APP/views/layouts/default.ctp, line 35]
2009-11-23 18:17:54 Notice: Notice (8): Undefined variable: javascript in [APP/views/layouts/default.ctp, line 35]
2009-11-23 18:17:58 Notice: Notice (8): Undefined variable: javascript in [APP/views/layouts/default.ctp, line 35]
2009-11-23 18:18:23 Notice: Notice (8): Undefined variable: javascript in [APP/views/layouts/default.ctp, line 35]
2009-11-23 18:18:24 Notice: Notice (8): Undefined variable: javascript in [APP/views/layouts/default.ctp, line 35]
2009-11-23 18:18:29 Notice: Notice (8): Undefined variable: javascript in [APP/views/layouts/default.ctp, line 35]
2009-11-23 18:18:46 Notice: Notice (8): Undefined variable: javascript in [APP/views/layouts/default.ctp, line 35]
2009-11-23 18:19:25 Notice: Notice (8): Undefined variable: javascript in [APP/views/layouts/default.ctp, line 35]
2009-11-23 18:19:39 Notice: Notice (8): Undefined variable: javascript in [APP/views/layouts/default.ctp, line 35]
2009-11-23 18:19:39 Notice: Notice (8): Undefined variable: javascript in [APP/views/layouts/default.ctp, line 35]
2009-11-23 18:19:43 Notice: Notice (8): Undefined variable: javascript in [APP/views/layouts/default.ctp, line 35]
2009-11-23 18:19:48 Notice: Notice (8): Undefined variable: javascript in [APP/views/layouts/default.ctp, line 35]
2009-11-23 18:20:20 Notice: Notice (8): Undefined variable: javascript in [APP/views/layouts/default.ctp, line 35]
2009-11-23 18:20:26 Notice: Notice (8): Undefined variable: javascript in [APP/views/layouts/default.ctp, line 35]
2009-11-23 18:20:47 Notice: Notice (8): Undefined variable: javascript in [APP/views/layouts/default.ctp, line 35]
2009-11-23 18:21:24 Notice: Notice (8): Undefined variable: javascript in [APP/views/layouts/default.ctp, line 35]
2009-11-23 18:22:29 Notice: Notice (8): Undefined variable: javascript in [APP/views/layouts/default.ctp, line 35]
2009-11-23 18:23:03 Notice: Notice (8): Undefined variable: javascript in [APP/views/layouts/default.ctp, line 35]
2009-11-23 18:23:53 Notice: Notice (8): Undefined variable: javascript in [APP/views/layouts/default.ctp, line 35]
2009-11-23 18:23:56 Notice: Notice (8): Undefined variable: javascript in [APP/views/layouts/default.ctp, line 35]
2009-11-23 18:24:08 Notice: Notice (8): Undefined variable: javascript in [APP/views/layouts/default.ctp, line 35]
2009-11-23 18:24:22 Notice: Notice (8): Undefined variable: javascript in [APP/views/layouts/default.ctp, line 35]
2009-11-23 18:24:29 Notice: Notice (8): Undefined variable: javascript in [APP/views/layouts/default.ctp, line 35]
2009-11-23 18:24:32 Notice: Notice (8): Undefined variable: javascript in [APP/views/layouts/default.ctp, line 35]
2009-11-23 18:24:55 Notice: Notice (8): Undefined variable: Tinyurl in [APP/views/tinyurls/index.ctp, line 11]
2009-11-23 18:24:55 Notice: Notice (8): Undefined variable: Tinyurl in [APP/views/tinyurls/index.ctp, line 13]
2009-11-23 18:24:55 Notice: Notice (8): Undefined variable: Tinyurl in [APP/views/tinyurls/index.ctp, line 15]
2009-11-23 18:24:55 Notice: Notice (8): Undefined variable: Tinyurl in [APP/views/tinyurls/index.ctp, line 19]
2009-11-23 18:24:56 Notice: Notice (8): Undefined variable: javascript in [APP/views/layouts/default.ctp, line 35]
2009-11-23 18:25:05 Notice: Notice (8): Undefined variable: javascript in [APP/views/layouts/default.ctp, line 35]
2009-11-23 18:25:06 Notice: Notice (8): Undefined variable: javascript in [APP/views/layouts/default.ctp, line 35]
2009-11-23 18:25:14 Notice: Notice (8): Undefined variable: Tinyurl in [APP/views/tinyurls/index.ctp, line 11]
2009-11-23 18:25:14 Notice: Notice (8): Undefined variable: Tinyurl in [APP/views/tinyurls/index.ctp, line 13]
2009-11-23 18:25:14 Notice: Notice (8): Undefined variable: Tinyurl in [APP/views/tinyurls/index.ctp, line 15]
2009-11-23 18:25:14 Notice: Notice (8): Undefined variable: Tinyurl in [APP/views/tinyurls/index.ctp, line 19]
2009-11-23 18:25:14 Notice: Notice (8): Undefined variable: javascript in [APP/views/layouts/default.ctp, line 35]
2009-11-23 18:25:22 Notice: Notice (8): Undefined variable: javascript in [APP/views/layouts/default.ctp, line 35]
2009-11-23 18:25:37 Notice: Notice (8): Undefined variable: javascript in [APP/views/layouts/default.ctp, line 35]
2009-11-23 18:26:11 Notice: Notice (8): Undefined variable: javascript in [APP/views/layouts/default.ctp, line 35]
2009-11-23 18:26:14 Notice: Notice (8): Undefined variable: javascript in [APP/views/layouts/default.ctp, line 35]
2009-11-23 18:26:26 Notice: Notice (8): Undefined variable: javascript in [APP/views/layouts/default.ctp, line 35]
2009-11-23 18:26:33 Notice: Notice (8): Undefined variable: javascript in [APP/views/layouts/default.ctp, line 35]
2009-11-23 18:26:37 Notice: Notice (8): Undefined variable: javascript in [APP/views/layouts/default.ctp, line 35]
2009-11-23 18:26:53 Notice: Notice (8): Undefined variable: javascript in [APP/views/layouts/default.ctp, line 35]
2009-11-23 18:27:03 Notice: Notice (8): Undefined variable: javascript in [APP/views/layouts/default.ctp, line 35]
2009-11-23 18:27:11 Notice: Notice (8): Undefined variable: javascript in [APP/views/layouts/default.ctp, line 35]
2009-11-23 18:27:15 Notice: Notice (8): Undefined variable: javascript in [APP/views/layouts/default.ctp, line 35]
2009-11-23 18:28:11 Notice: Notice (8): Undefined variable: javascript in [APP/views/layouts/default.ctp, line 35]
2009-11-23 18:28:23 Notice: Notice (8): Undefined variable: javascript in [APP/views/layouts/default.ctp, line 35]
2009-11-23 18:28:35 Notice: Notice (8): Undefined variable: javascript in [APP/views/layouts/default.ctp, line 35]
2009-11-23 18:29:30 Notice: Notice (8): Undefined variable: javascript in [APP/views/layouts/default.ctp, line 35]
2009-11-23 18:30:03 Notice: Notice (8): Undefined variable: javascript in [APP/views/layouts/default.ctp, line 35]
2009-11-23 18:30:43 Notice: Notice (8): Undefined variable: javascript in [APP/views/layouts/default.ctp, line 35]
2009-11-23 18:30:54 Notice: Notice (8): Undefined variable: javascript in [APP/views/layouts/default.ctp, line 35]
2009-11-23 18:32:22 Notice: Notice (8): Undefined variable: javascript in [APP/views/layouts/default.ctp, line 35]
2009-11-23 18:33:27 Notice: Notice (8): Undefined variable: javascript in [APP/views/layouts/default.ctp, line 35]
2009-11-23 18:34:22 Notice: Notice (8): Undefined variable: javascript in [APP/views/layouts/default.ctp, line 35]
2009-11-23 18:34:25 Notice: Notice (8): Undefined variable: javascript in [APP/views/layouts/default.ctp, line 35]
2009-11-23 18:34:47 Notice: Notice (8): Undefined variable: javascript in [APP/views/layouts/default.ctp, line 35]
2009-11-23 18:34:51 Notice: Notice (8): Undefined variable: javascript in [APP/views/layouts/default.ctp, line 35]
2009-11-23 18:34:56 Notice: Notice (8): Undefined variable: javascript in [APP/views/layouts/default.ctp, line 35]
2009-11-23 18:35:02 Notice: Notice (8): Undefined variable: javascript in [APP/views/layouts/default.ctp, line 35]
2009-11-23 18:36:01 Notice: Notice (8): Undefined variable: javascript in [APP/views/layouts/default.ctp, line 35]
2009-11-23 18:36:09 Notice: Notice (8): Undefined variable: javascript in [APP/views/layouts/default.ctp, line 35]
2009-11-23 18:36:25 Notice: Notice (8): Undefined variable: javascript in [APP/views/layouts/default.ctp, line 35]
2009-11-23 18:36:35 Notice: Notice (8): Undefined variable: javascript in [APP/views/layouts/default.ctp, line 35]
2009-11-23 18:36:57 Notice: Notice (8): Undefined variable: javascript in [APP/views/layouts/default.ctp, line 35]
2009-11-23 18:38:34 Notice: Notice (8): Undefined variable: javascript in [APP/views/layouts/default.ctp, line 35]
2009-11-23 18:39:13 Notice: Notice (8): Undefined variable: javascript in [APP/views/layouts/default.ctp, line 35]
2009-11-23 18:39:22 Notice: Notice (8): Undefined variable: javascript in [APP/views/layouts/default.ctp, line 35]
2009-11-23 18:44:55 Notice: Notice (8): Undefined variable: javascript in [APP/views/layouts/default.ctp, line 35]
2009-11-23 18:45:16 Notice: Notice (8): Undefined variable: javascript in [APP/views/layouts/default.ctp, line 35]
2009-11-23 20:31:34 Notice: Notice (8): Undefined variable: javascript in [APP/views/layouts/default.ctp, line 35]
2009-11-23 20:32:13 Notice: Notice (8): Undefined variable: javascript in [APP/views/layouts/default.ctp, line 35]
2009-11-23 20:33:44 Notice: Notice (8): Undefined variable: javascript in [APP/views/layouts/default.ctp, line 35]
2009-11-23 20:35:20 Notice: Notice (8): Undefined variable: javascript in [APP/views/layouts/default.ctp, line 35]
2009-11-23 20:35:24 Notice: Notice (8): Undefined variable: javascript in [APP/views/layouts/default.ctp, line 35]
2009-11-23 20:35:59 Notice: Notice (8): Undefined variable: javascript in [APP/views/layouts/default.ctp, line 35]
2009-11-23 20:36:13 Notice: Notice (8): Undefined variable: javascript in [APP/views/layouts/default.ctp, line 35]
2009-11-23 20:36:15 Notice: Notice (8): Undefined variable: javascript in [APP/views/layouts/default.ctp, line 35]
2009-11-23 20:36:29 Notice: Notice (8): Undefined variable: javascript in [APP/views/layouts/default.ctp, line 35]
2009-11-23 20:37:47 Notice: Notice (8): Undefined variable: javascript in [APP/views/layouts/default.ctp, line 35]
2009-11-23 20:39:02 Notice: Notice (8): Undefined variable: javascript in [APP/views/layouts/default.ctp, line 35]
2009-11-23 20:39:12 Notice: Notice (8): Undefined variable: javascript in [APP/views/layouts/default.ctp, line 35]
2009-11-23 20:39:46 Notice: Notice (8): Undefined variable: javascript in [APP/views/layouts/default.ctp, line 35]
2009-11-23 20:39:56 Notice: Notice (8): Undefined variable: javascript in [APP/views/layouts/default.ctp, line 35]
2009-11-23 20:40:05 Notice: Notice (8): Undefined variable: javascript in [APP/views/layouts/default.ctp, line 35]
2009-11-23 20:41:15 Notice: Notice (8): Undefined variable: javascript in [APP/views/layouts/default.ctp, line 35]
2009-11-23 20:41:38 Notice: Notice (8): Undefined variable: javascript in [APP/views/layouts/default.ctp, line 35]
2009-11-23 20:41:54 Notice: Notice (8): Undefined variable: javascript in [APP/views/layouts/default.ctp, line 35]
2009-11-23 20:42:01 Notice: Notice (8): Undefined variable: javascript in [APP/views/layouts/default.ctp, line 35]
2009-11-23 20:43:15 Notice: Notice (8): Undefined variable: javascript in [APP/views/layouts/default.ctp, line 35]
2009-11-23 20:43:29 Notice: Notice (8): Undefined variable: javascript in [APP/views/layouts/default.ctp, line 35]
2009-11-23 20:43:40 Notice: Notice (8): Undefined variable: javascript in [APP/views/layouts/default.ctp, line 35]
2009-11-23 20:43:50 Notice: Notice (8): Undefined variable: javascript in [APP/views/layouts/default.ctp, line 35]
2009-11-23 20:43:55 Notice: Notice (8): Undefined variable: javascript in [APP/views/layouts/default.ctp, line 35]
2009-11-23 20:44:16 Notice: Notice (8): Undefined variable: javascript in [APP/views/layouts/default.ctp, line 35]
2009-11-23 20:44:34 Notice: Notice (8): Undefined variable: javascript in [APP/views/layouts/default.ctp, line 35]
2009-11-23 20:44:44 Notice: Notice (8): Undefined variable: javascript in [APP/views/layouts/default.ctp, line 35]
2009-11-23 20:44:53 Notice: Notice (8): Undefined variable: javascript in [APP/views/layouts/default.ctp, line 35]
2009-11-23 20:45:01 Notice: Notice (8): Undefined variable: javascript in [APP/views/layouts/default.ctp, line 35]
2009-11-23 20:45:26 Notice: Notice (8): Undefined variable: javascript in [APP/views/layouts/default.ctp, line 35]
2009-11-24 08:52:25 Notice: Notice (8): Undefined variable: javascript in [APP/views/layouts/default.ctp, line 35]
2009-11-24 08:52:29 Notice: Notice (8): Undefined variable: javascript in [APP/views/layouts/default.ctp, line 35]
2009-11-24 08:59:56 Notice: Notice (8): Undefined variable: javascript in [APP/views/layouts/default.ctp, line 35]
2009-11-24 09:11:58 Notice: Notice (8): Undefined variable: javascript in [APP/views/layouts/default.ctp, line 35]
2009-11-24 09:16:48 Notice: Notice (8): Undefined variable: javascript in [APP/views/layouts/default.ctp, line 35]
2009-11-24 10:03:13 Notice: Notice (8): Undefined variable: javascript in [APP/views/layouts/default.ctp, line 35]
2009-11-24 10:03:29 Notice: Notice (8): Undefined variable: javascript in [APP/views/layouts/default.ctp, line 35]
2009-12-03 11:04:14 Notice: Notice (8): Undefined variable: javascript in [APP/views/layouts/default.ctp, line 35]
2009-12-08 14:36:37 Notice: Notice (8): Undefined variable: ds in [APP/controllers/tinyurls_controller.php, line 96]
2009-12-08 14:37:23 Notice: Notice (8): Undefined variable: ds in [APP/controllers/tinyurls_controller.php, line 96]
2009-12-08 15:02:20 Notice: Notice (8): Undefined variable: result in [APP/controllers/tinyurls_controller.php, line 105]
2009-12-08 15:02:20 Notice: Notice (8): Undefined variable: result in [APP/controllers/tinyurls_controller.php, line 107]
2009-12-08 15:02:38 Notice: Notice (8): Undefined variable: result in [APP/controllers/tinyurls_controller.php, line 105]
2009-12-08 15:06:46 Notice: Notice (8): Undefined offset:  0 in [APP/controllers/tinyurls_controller.php, line 106]
2010-12-10 11:15:48 Notice: Notice (8): Undefined index:  url2 in [APP/controllers/tinyurls_controller.php, line 277]
2011-11-22 12:54:23 Notice: Notice (8): Undefined variable: javascript in [APP/views/layouts/default.ctp, line 35]
2011-11-22 13:21:47 Notice: Notice (8): Undefined property: TinyurlsController::$_url in [APP/controllers/tinyurls_controller.php, line 82]
2011-11-22 13:21:53 Notice: Notice (8): Undefined property: TinyurlsController::$__url in [APP/controllers/tinyurls_controller.php, line 82]
